#-----------------------------------------------------------
# Webtalk v2017.4 (64-bit)
# SW Build 2086221 on Fri Dec 15 20:54:30 MST 2017
# 
# Start of session at: Wed Jul 11 17:54:37 2018
# Process ID: 16777
# Current directory: /home/fabio/Desktop/linreg/linreg.sdk/webtalk
# Command line: wbtcv -mode batch -source sdk_webtalk.tcl
# Log file: /home/fabio/Desktop/linreg/linreg.sdk/webtalk/webtalk.log
# Journal file: /home/fabio/Desktop/linreg/linreg.sdk/webtalk/webtalk.jou
#-----------------------------------------------------------
source sdk_webtalk.tcl
# webtalk_init -webtalk_dir /home/fabio/Desktop/linreg/linreg.sdk/webtalk
# webtalk_register_client -client project
# webtalk_add_data -client project -key date_generated -value "2018-07-11 17:54:36" -context "software_version_and_target_device"
# webtalk_add_data -client project -key product_version -value "SDK v2017.4" -context "software_version_and_target_device"
# webtalk_add_data -client project -key build_version -value "2017.4" -context "software_version_and_target_device"
# webtalk_add_data -client project -key os_platform -value "amd64" -context "software_version_and_target_device"
# webtalk_add_data -client project -key registration_id -value "" -context "software_version_and_target_device"
# webtalk_add_data -client project -key tool_flow -value "SDK" -context "software_version_and_target_device"
# webtalk_add_data -client project -key beta -value "false" -context "software_version_and_target_device"
# webtalk_add_data -client project -key route_design -value "NA" -context "software_version_and_target_device"
# webtalk_add_data -client project -key target_family -value "NA" -context "software_version_and_target_device"
# webtalk_add_data -client project -key target_device -value "NA" -context "software_version_and_target_device"
# webtalk_add_data -client project -key target_package -value "NA" -context "software_version_and_target_device"
# webtalk_add_data -client project -key target_speed -value "NA" -context "software_version_and_target_device"
# webtalk_add_data -client project -key random_id -value "52mm9fjvva4asun3isamm9uurq" -context "software_version_and_target_device"
# webtalk_add_data -client project -key project_id -value "2017.4_14" -context "software_version_and_target_device"
# webtalk_add_data -client project -key project_iteration -value "14" -context "software_version_and_target_device"
# webtalk_add_data -client project -key os_name -value "unknown" -context "user_environment"
# webtalk_add_data -client project -key os_release -value "unknown" -context "user_environment"
# webtalk_add_data -client project -key cpu_name -value "Intel(R) Core(TM) i5-4260U CPU @ 1.40GHz" -context "user_environment"
# webtalk_add_data -client project -key cpu_speed -value "1333.127 MHz" -context "user_environment"
# webtalk_add_data -client project -key total_processors -value "1" -context "user_environment"
# webtalk_add_data -client project -key system_ram -value "8.305 GB" -context "user_environment"
# webtalk_register_client -client sdk
# webtalk_add_data -client sdk -key uid -value "1531327813000" -context "sdk\\\\bsp/1531327813000"
# webtalk_add_data -client sdk -key hwid -value "1531081921000" -context "sdk\\\\bsp/1531327813000"
# webtalk_add_data -client sdk -key os -value "standalone" -context "sdk\\\\bsp/1531327813000"
# webtalk_add_data -client sdk -key apptemplate -value "empty_application" -context "sdk\\\\bsp/1531327813000"
# webtalk_add_data -client sdk -key RecordType -value "BSPCreation" -context "sdk\\\\bsp/1531327813000"
# webtalk_add_data -client sdk -key uid -value "1531327813000" -context "sdk\\\\application/1531327813000"
# webtalk_add_data -client sdk -key hwid -value "1531081921000" -context "sdk\\\\application/1531327813000"
# webtalk_add_data -client sdk -key bspid -value "1531327813000" -context "sdk\\\\application/1531327813000"
# webtalk_add_data -client sdk -key newbsp -value "true" -context "sdk\\\\application/1531327813000"
# webtalk_add_data -client sdk -key os -value "standalone" -context "sdk\\\\application/1531327813000"
# webtalk_add_data -client sdk -key apptemplate -value "empty_application" -context "sdk\\\\application/1531327813000"
# webtalk_add_data -client sdk -key RecordType -value "APPCreation" -context "sdk\\\\application/1531327813000"
# webtalk_add_data -client sdk -key LangUsed -value "C" -context "sdk\\\\application/1531327813000"
# webtalk_add_data -client sdk -key Procused -value "microblaze" -context "sdk\\\\application/1531327813000"
# webtalk_add_data -client sdk -key uid -value "NA" -context "sdk\\\\bsp/1531328076383"
# webtalk_add_data -client sdk -key RecordType -value "ToolUsage" -context "sdk\\\\bsp/1531328076383"
# webtalk_add_data -client sdk -key BootgenCount -value "0" -context "sdk\\\\bsp/1531328076383"
# webtalk_add_data -client sdk -key DebugCount -value "0" -context "sdk\\\\bsp/1531328076383"
# webtalk_add_data -client sdk -key PerfCount -value "0" -context "sdk\\\\bsp/1531328076383"
# webtalk_add_data -client sdk -key FlashCount -value "0" -context "sdk\\\\bsp/1531328076383"
# webtalk_add_data -client sdk -key CrossTriggCount -value "0" -context "sdk\\\\bsp/1531328076383"
# webtalk_add_data -client sdk -key QemuDebugCount -value "0" -context "sdk\\\\bsp/1531328076383"
# webtalk_transmit -clientid 2280348709 -regid "" -xml /home/fabio/Desktop/linreg/linreg.sdk/webtalk/usage_statistics_ext_sdk.xml -html /home/fabio/Desktop/linreg/linreg.sdk/webtalk/usage_statistics_ext_sdk.html -wdm /home/fabio/Desktop/linreg/linreg.sdk/webtalk/sdk_webtalk.wdm -intro "<H3>SDK Usage Report</H3><BR>"
INFO: [Common 17-186] '/home/fabio/Desktop/linreg/linreg.sdk/webtalk/usage_statistics_ext_sdk.xml' has been successfully sent to Xilinx on Wed Jul 11 17:54:40 2018. For additional details about this file, please refer to the WebTalk help file at /opt/Xilinx/SDK/2017.4/doc/webtalk_introduction.html.
# webtalk_terminate
INFO: [Common 17-206] Exiting Webtalk at Wed Jul 11 17:54:40 2018...
