21:31:53 INFO  : Registering command handlers for SDK TCF services
21:31:57 INFO  : Launching XSCT server: xsct -n -interactive /home/fabio/Desktop/linreg/linreg.sdk/temp_xsdb_launch_script.tcl
21:31:59 INFO  : XSCT server has started successfully.
21:31:59 INFO  : Successfully done setting XSCT server connection channel  
21:31:59 INFO  : Successfully done setting SDK workspace  
21:31:59 INFO  : Processing command line option -hwspec /home/fabio/Desktop/linreg/linreg.sdk/design_1_wrapper.hdf.
21:37:53 INFO  : Connected to target on host '127.0.0.1' and port '3121'.
21:38:14 INFO  : Connected to target on host '127.0.0.1' and port '3121'.
21:38:14 INFO  : 'targets -set -filter {jtag_cable_name =~ "Digilent Nexys4 210274675348A" && level==0} -index 0' command is executed.
21:38:16 INFO  : FPGA configured successfully with bitstream "/home/fabio/Desktop/linreg/linreg.sdk/design_1_wrapper_hw_platform_0/download.bit"
21:56:04 INFO  : Connected to target on host '127.0.0.1' and port '3121'.
21:56:04 INFO  : 'targets -set -filter {jtag_cable_name =~ "Digilent Nexys4 210274675348A" && level==0} -index 0' command is executed.
21:56:06 INFO  : FPGA configured successfully with bitstream "/home/fabio/Desktop/linreg/linreg.sdk/design_1_wrapper_hw_platform_0/download.bit"
21:56:42 INFO  : 'targets -set -filter {jtag_cable_name =~ "Digilent Nexys4 210274675348A" && level==0} -index 0' command is executed.
21:56:42 INFO  : 'fpga -state' command is executed.
21:56:42 INFO  : Connected to target on host '127.0.0.1' and port '3121'.
21:56:42 INFO  : Jtag cable 'Digilent Nexys4 210274675348A' is selected.
21:56:42 INFO  : 'jtag frequency' command is executed.
21:56:42 INFO  : Context for processor 'microblaze_0' is selected.
21:56:42 INFO  : Processor reset is completed for 'microblaze_0'.
21:56:42 INFO  : Context for processor 'microblaze_0' is selected.
21:56:43 INFO  : The application '/home/fabio/Desktop/linreg/linreg.sdk/microblaze/Debug/microblaze.elf' is downloaded to processor 'microblaze_0'.
21:56:43 INFO  : ----------------XSDB Script----------------
connect -url tcp:127.0.0.1:3121
targets -set -nocase -filter {name =~ "microblaze*#0" && bscan=="USER2"  && jtag_cable_name =~ "Digilent Nexys4 210274675348A"} -index 0
rst -processor
targets -set -nocase -filter {name =~ "microblaze*#0" && bscan=="USER2"  && jtag_cable_name =~ "Digilent Nexys4 210274675348A"} -index 0
dow /home/fabio/Desktop/linreg/linreg.sdk/microblaze/Debug/microblaze.elf
----------------End of Script----------------

21:56:43 INFO  : Memory regions updated for context MicroBlaze #0
21:56:43 INFO  : Memory regions updated for context MicroBlaze Debug Module at USER2
21:56:43 INFO  : Context for processor 'microblaze_0' is selected.
21:56:43 INFO  : 'con' command is executed.
21:56:43 INFO  : ----------------XSDB Script (After Launch)----------------
targets -set -nocase -filter {name =~ "microblaze*#0" && bscan=="USER2"  && jtag_cable_name =~ "Digilent Nexys4 210274675348A"} -index 0
con
----------------End of Script----------------

21:56:43 INFO  : Launch script is exported to file '/home/fabio/Desktop/linreg/linreg.sdk/.sdk/launch_scripts/xilinx_c-c++_application_(system_debugger)/system_debugger_using_debug_microblaze.elf_on_local.tcl'
21:58:09 INFO  : Disconnected from the channel tcfchan#1.
21:58:13 ERROR : no targets found with "jtag_cable_name =~ "Digilent Nexys4 210274675348A" && level==0". available targets:
  1  xc7a100t
     2  MicroBlaze Debug Module at USER2
        3* MicroBlaze #0 (Running)
21:58:24 INFO  : 'targets -set -filter {jtag_cable_name =~ "Digilent Nexys4 210274675348A" && level==0} -index 0' command is executed.
21:58:24 INFO  : 'fpga -state' command is executed.
21:58:24 INFO  : Connected to target on host '127.0.0.1' and port '3121'.
21:58:24 INFO  : Jtag cable 'Digilent Nexys4 210274675348A' is selected.
21:58:24 INFO  : 'jtag frequency' command is executed.
21:58:24 INFO  : Context for processor 'microblaze_0' is selected.
21:58:24 INFO  : Processor reset is completed for 'microblaze_0'.
21:58:24 INFO  : Context for processor 'microblaze_0' is selected.
21:58:24 INFO  : The application '/home/fabio/Desktop/linreg/linreg.sdk/microblaze/Debug/microblaze.elf' is downloaded to processor 'microblaze_0'.
21:58:24 INFO  : ----------------XSDB Script----------------
connect -url tcp:127.0.0.1:3121
targets -set -nocase -filter {name =~ "microblaze*#0" && bscan=="USER2"  && jtag_cable_name =~ "Digilent Nexys4 210274675348A"} -index 0
rst -processor
targets -set -nocase -filter {name =~ "microblaze*#0" && bscan=="USER2"  && jtag_cable_name =~ "Digilent Nexys4 210274675348A"} -index 0
dow /home/fabio/Desktop/linreg/linreg.sdk/microblaze/Debug/microblaze.elf
----------------End of Script----------------

21:58:24 INFO  : Memory regions updated for context MicroBlaze #0
21:58:24 INFO  : Memory regions updated for context MicroBlaze Debug Module at USER2
21:58:24 INFO  : Context for processor 'microblaze_0' is selected.
21:58:24 INFO  : 'con' command is executed.
21:58:24 INFO  : ----------------XSDB Script (After Launch)----------------
targets -set -nocase -filter {name =~ "microblaze*#0" && bscan=="USER2"  && jtag_cable_name =~ "Digilent Nexys4 210274675348A"} -index 0
con
----------------End of Script----------------

21:58:24 INFO  : Launch script is exported to file '/home/fabio/Desktop/linreg/linreg.sdk/.sdk/launch_scripts/xilinx_c-c++_application_(system_debugger)/system_debugger_using_debug_microblaze.elf_on_local.tcl'
22:02:14 INFO  : Disconnected from the channel tcfchan#2.
22:02:18 ERROR : no targets found with "jtag_cable_name =~ "Digilent Nexys4 210274675348A" && level==0". available targets:
  1  xc7a100t
     2  MicroBlaze Debug Module at USER2
        3* MicroBlaze #0 (Running)
22:02:25 INFO  : 'targets -set -filter {jtag_cable_name =~ "Digilent Nexys4 210274675348A" && level==0} -index 0' command is executed.
22:02:25 INFO  : 'fpga -state' command is executed.
22:02:25 INFO  : Connected to target on host '127.0.0.1' and port '3121'.
22:02:25 INFO  : Jtag cable 'Digilent Nexys4 210274675348A' is selected.
22:02:25 INFO  : 'jtag frequency' command is executed.
22:02:25 INFO  : Context for processor 'microblaze_0' is selected.
22:02:25 INFO  : Processor reset is completed for 'microblaze_0'.
22:02:25 INFO  : Context for processor 'microblaze_0' is selected.
22:02:25 INFO  : The application '/home/fabio/Desktop/linreg/linreg.sdk/microblaze/Debug/microblaze.elf' is downloaded to processor 'microblaze_0'.
22:02:25 INFO  : ----------------XSDB Script----------------
connect -url tcp:127.0.0.1:3121
targets -set -nocase -filter {name =~ "microblaze*#0" && bscan=="USER2"  && jtag_cable_name =~ "Digilent Nexys4 210274675348A"} -index 0
rst -processor
targets -set -nocase -filter {name =~ "microblaze*#0" && bscan=="USER2"  && jtag_cable_name =~ "Digilent Nexys4 210274675348A"} -index 0
dow /home/fabio/Desktop/linreg/linreg.sdk/microblaze/Debug/microblaze.elf
----------------End of Script----------------

22:02:25 INFO  : Memory regions updated for context MicroBlaze #0
22:02:25 INFO  : Memory regions updated for context MicroBlaze Debug Module at USER2
22:02:25 INFO  : Context for processor 'microblaze_0' is selected.
22:02:25 INFO  : 'con' command is executed.
22:02:25 INFO  : ----------------XSDB Script (After Launch)----------------
targets -set -nocase -filter {name =~ "microblaze*#0" && bscan=="USER2"  && jtag_cable_name =~ "Digilent Nexys4 210274675348A"} -index 0
con
----------------End of Script----------------

22:02:25 INFO  : Launch script is exported to file '/home/fabio/Desktop/linreg/linreg.sdk/.sdk/launch_scripts/xilinx_c-c++_application_(system_debugger)/system_debugger_using_debug_microblaze.elf_on_local.tcl'
22:07:50 INFO  : Disconnected from the channel tcfchan#3.
22:08:08 INFO  : 'targets -set -filter {jtag_cable_name =~ "Digilent Nexys4 210274675348A" && level==0} -index 0' command is executed.
22:08:08 INFO  : 'fpga -state' command is executed.
22:08:08 INFO  : Connected to target on host '127.0.0.1' and port '3121'.
22:08:08 INFO  : Jtag cable 'Digilent Nexys4 210274675348A' is selected.
22:08:08 INFO  : 'jtag frequency' command is executed.
22:08:08 INFO  : Context for processor 'microblaze_0' is selected.
22:08:08 INFO  : Processor reset is completed for 'microblaze_0'.
22:08:08 INFO  : Context for processor 'microblaze_0' is selected.
22:08:08 INFO  : The application '/home/fabio/Desktop/linreg/linreg.sdk/microblaze/Debug/microblaze.elf' is downloaded to processor 'microblaze_0'.
22:08:08 INFO  : ----------------XSDB Script----------------
connect -url tcp:127.0.0.1:3121
targets -set -nocase -filter {name =~ "microblaze*#0" && bscan=="USER2"  && jtag_cable_name =~ "Digilent Nexys4 210274675348A"} -index 0
rst -processor
targets -set -nocase -filter {name =~ "microblaze*#0" && bscan=="USER2"  && jtag_cable_name =~ "Digilent Nexys4 210274675348A"} -index 0
dow /home/fabio/Desktop/linreg/linreg.sdk/microblaze/Debug/microblaze.elf
----------------End of Script----------------

22:08:08 INFO  : Memory regions updated for context MicroBlaze #0
22:08:08 INFO  : Memory regions updated for context MicroBlaze Debug Module at USER2
22:08:08 INFO  : Context for processor 'microblaze_0' is selected.
22:08:08 INFO  : 'con' command is executed.
22:08:08 INFO  : ----------------XSDB Script (After Launch)----------------
targets -set -nocase -filter {name =~ "microblaze*#0" && bscan=="USER2"  && jtag_cable_name =~ "Digilent Nexys4 210274675348A"} -index 0
con
----------------End of Script----------------

22:08:08 INFO  : Launch script is exported to file '/home/fabio/Desktop/linreg/linreg.sdk/.sdk/launch_scripts/xilinx_c-c++_application_(system_debugger)/system_debugger_using_debug_microblaze.elf_on_local.tcl'
22:08:31 INFO  : Disconnected from the channel tcfchan#4.
22:08:32 INFO  : 'targets -set -filter {jtag_cable_name =~ "Digilent Nexys4 210274675348A" && level==0} -index 0' command is executed.
22:08:32 INFO  : 'fpga -state' command is executed.
22:08:32 INFO  : Connected to target on host '127.0.0.1' and port '3121'.
22:08:32 INFO  : Jtag cable 'Digilent Nexys4 210274675348A' is selected.
22:08:32 INFO  : 'jtag frequency' command is executed.
22:08:33 INFO  : Context for processor 'microblaze_0' is selected.
22:08:33 INFO  : Processor reset is completed for 'microblaze_0'.
22:08:33 INFO  : Context for processor 'microblaze_0' is selected.
22:08:33 INFO  : The application '/home/fabio/Desktop/linreg/linreg.sdk/microblaze/Debug/microblaze.elf' is downloaded to processor 'microblaze_0'.
22:08:33 INFO  : ----------------XSDB Script----------------
connect -url tcp:127.0.0.1:3121
targets -set -nocase -filter {name =~ "microblaze*#0" && bscan=="USER2"  && jtag_cable_name =~ "Digilent Nexys4 210274675348A"} -index 0
rst -processor
targets -set -nocase -filter {name =~ "microblaze*#0" && bscan=="USER2"  && jtag_cable_name =~ "Digilent Nexys4 210274675348A"} -index 0
dow /home/fabio/Desktop/linreg/linreg.sdk/microblaze/Debug/microblaze.elf
----------------End of Script----------------

22:08:33 INFO  : Memory regions updated for context MicroBlaze #0
22:08:33 INFO  : Memory regions updated for context MicroBlaze Debug Module at USER2
22:08:33 INFO  : Context for processor 'microblaze_0' is selected.
22:08:33 INFO  : 'con' command is executed.
22:08:33 INFO  : ----------------XSDB Script (After Launch)----------------
targets -set -nocase -filter {name =~ "microblaze*#0" && bscan=="USER2"  && jtag_cable_name =~ "Digilent Nexys4 210274675348A"} -index 0
con
----------------End of Script----------------

22:08:33 INFO  : Launch script is exported to file '/home/fabio/Desktop/linreg/linreg.sdk/.sdk/launch_scripts/xilinx_c-c++_application_(system_debugger)/system_debugger_using_debug_microblaze.elf_on_local.tcl'
22:11:01 INFO  : Disconnected from the channel tcfchan#5.
22:11:05 ERROR : no targets found with "jtag_cable_name =~ "Digilent Nexys4 210274675348A" && level==0". available targets:
  1  xc7a100t
     2  MicroBlaze Debug Module at USER2
        3* MicroBlaze #0 (Running)
22:11:36 INFO  : 'targets -set -filter {jtag_cable_name =~ "Digilent Nexys4 210274675348A" && level==0} -index 0' command is executed.
22:11:36 INFO  : 'fpga -state' command is executed.
22:11:36 INFO  : Connected to target on host '127.0.0.1' and port '3121'.
22:11:36 INFO  : Jtag cable 'Digilent Nexys4 210274675348A' is selected.
22:11:36 INFO  : 'jtag frequency' command is executed.
22:11:36 INFO  : Context for processor 'microblaze_0' is selected.
22:11:36 INFO  : Processor reset is completed for 'microblaze_0'.
22:11:36 INFO  : Context for processor 'microblaze_0' is selected.
22:11:36 INFO  : The application '/home/fabio/Desktop/linreg/linreg.sdk/microblaze/Debug/microblaze.elf' is downloaded to processor 'microblaze_0'.
22:11:36 INFO  : ----------------XSDB Script----------------
connect -url tcp:127.0.0.1:3121
targets -set -nocase -filter {name =~ "microblaze*#0" && bscan=="USER2"  && jtag_cable_name =~ "Digilent Nexys4 210274675348A"} -index 0
rst -processor
targets -set -nocase -filter {name =~ "microblaze*#0" && bscan=="USER2"  && jtag_cable_name =~ "Digilent Nexys4 210274675348A"} -index 0
dow /home/fabio/Desktop/linreg/linreg.sdk/microblaze/Debug/microblaze.elf
----------------End of Script----------------

22:11:36 INFO  : Memory regions updated for context MicroBlaze #0
22:11:36 INFO  : Memory regions updated for context MicroBlaze Debug Module at USER2
22:11:36 INFO  : Context for processor 'microblaze_0' is selected.
22:11:36 INFO  : 'con' command is executed.
22:11:36 INFO  : ----------------XSDB Script (After Launch)----------------
targets -set -nocase -filter {name =~ "microblaze*#0" && bscan=="USER2"  && jtag_cable_name =~ "Digilent Nexys4 210274675348A"} -index 0
con
----------------End of Script----------------

22:11:36 INFO  : Launch script is exported to file '/home/fabio/Desktop/linreg/linreg.sdk/.sdk/launch_scripts/xilinx_c-c++_application_(system_debugger)/system_debugger_using_debug_microblaze.elf_on_local.tcl'
22:11:51 INFO  : Disconnected from the channel tcfchan#6.
22:11:55 ERROR : no targets found with "jtag_cable_name =~ "Digilent Nexys4 210274675348A" && level==0". available targets:
  1  xc7a100t
     2  MicroBlaze Debug Module at USER2
        3* MicroBlaze #0 (Running)
22:11:59 INFO  : 'targets -set -filter {jtag_cable_name =~ "Digilent Nexys4 210274675348A" && level==0} -index 0' command is executed.
22:11:59 INFO  : 'fpga -state' command is executed.
22:11:59 INFO  : Connected to target on host '127.0.0.1' and port '3121'.
22:11:59 INFO  : Jtag cable 'Digilent Nexys4 210274675348A' is selected.
22:11:59 INFO  : 'jtag frequency' command is executed.
22:11:59 INFO  : Context for processor 'microblaze_0' is selected.
22:11:59 INFO  : Processor reset is completed for 'microblaze_0'.
22:11:59 INFO  : Context for processor 'microblaze_0' is selected.
22:12:00 INFO  : The application '/home/fabio/Desktop/linreg/linreg.sdk/microblaze/Debug/microblaze.elf' is downloaded to processor 'microblaze_0'.
22:12:00 INFO  : ----------------XSDB Script----------------
connect -url tcp:127.0.0.1:3121
targets -set -nocase -filter {name =~ "microblaze*#0" && bscan=="USER2"  && jtag_cable_name =~ "Digilent Nexys4 210274675348A"} -index 0
rst -processor
targets -set -nocase -filter {name =~ "microblaze*#0" && bscan=="USER2"  && jtag_cable_name =~ "Digilent Nexys4 210274675348A"} -index 0
dow /home/fabio/Desktop/linreg/linreg.sdk/microblaze/Debug/microblaze.elf
----------------End of Script----------------

22:12:00 INFO  : Memory regions updated for context MicroBlaze #0
22:12:00 INFO  : Memory regions updated for context MicroBlaze Debug Module at USER2
22:12:00 INFO  : Context for processor 'microblaze_0' is selected.
22:12:00 INFO  : 'con' command is executed.
22:12:00 INFO  : ----------------XSDB Script (After Launch)----------------
targets -set -nocase -filter {name =~ "microblaze*#0" && bscan=="USER2"  && jtag_cable_name =~ "Digilent Nexys4 210274675348A"} -index 0
con
----------------End of Script----------------

22:12:00 INFO  : Launch script is exported to file '/home/fabio/Desktop/linreg/linreg.sdk/.sdk/launch_scripts/xilinx_c-c++_application_(system_debugger)/system_debugger_using_debug_microblaze.elf_on_local.tcl'
22:13:54 INFO  : Disconnected from the channel tcfchan#7.
22:26:41 INFO  : Registering command handlers for SDK TCF services
22:26:42 INFO  : Launching XSCT server: xsct -n -interactive /home/fabio/Desktop/linreg/linreg.sdk/temp_xsdb_launch_script.tcl
22:26:44 INFO  : XSCT server has started successfully.
22:26:44 INFO  : Successfully done setting XSCT server connection channel  
22:26:44 INFO  : Successfully done setting SDK workspace  
22:26:44 INFO  : Processing command line option -hwspec /home/fabio/Desktop/linreg/linreg.sdk/design_1_wrapper.hdf.
22:26:44 INFO  : Checking for hwspec changes in the project design_1_wrapper_hw_platform_0.
22:26:46 INFO  : SDK has detected change in the last modified timestamps for source hardware specification file Source:1531085078000,  Project:1531081649000
22:26:46 INFO  : The hardware specification for project 'design_1_wrapper_hw_platform_0' is different from /home/fabio/Desktop/linreg/linreg.sdk/design_1_wrapper.hdf.
22:26:46 INFO  : Copied contents of /home/fabio/Desktop/linreg/linreg.sdk/design_1_wrapper.hdf into /design_1_wrapper_hw_platform_0/system.hdf.
22:26:46 INFO  : Synchronizing projects in the workspace with the hardware platform specification changes.
22:26:47 INFO  : 
22:26:48 INFO  : Updating hardware inferred compiler options for microblaze.
22:26:48 INFO  : Clearing existing target manager status.
22:26:48 WARN  : Given IPC port value is invalid. Using default port 2350
22:26:48 WARN  : Given XMD timeout value is invalid. Using default value of 50000
22:26:51 WARN  : Given XMD transaction timeout value is invalid. Using default value of 60000 milli seconds
22:27:12 INFO  : Connected to target on host '127.0.0.1' and port '3121'.
22:27:12 INFO  : 'targets -set -filter {jtag_cable_name =~ "Digilent Nexys4 210274675348A" && level==0} -index 0' command is executed.
22:27:15 INFO  : FPGA configured successfully with bitstream "/home/fabio/Desktop/linreg/linreg.sdk/design_1_wrapper_hw_platform_0/download.bit"
22:27:35 INFO  : 'targets -set -filter {jtag_cable_name =~ "Digilent Nexys4 210274675348A" && level==0} -index 0' command is executed.
22:27:35 INFO  : 'fpga -state' command is executed.
22:27:35 INFO  : Connected to target on host '127.0.0.1' and port '3121'.
22:27:35 INFO  : Jtag cable 'Digilent Nexys4 210274675348A' is selected.
22:27:35 INFO  : 'jtag frequency' command is executed.
22:27:35 INFO  : Context for processor 'microblaze_0' is selected.
22:27:35 INFO  : Processor reset is completed for 'microblaze_0'.
22:27:35 INFO  : Context for processor 'microblaze_0' is selected.
22:27:36 INFO  : The application '/home/fabio/Desktop/linreg/linreg.sdk/microblaze/Debug/microblaze.elf' is downloaded to processor 'microblaze_0'.
22:27:36 INFO  : ----------------XSDB Script----------------
connect -url tcp:127.0.0.1:3121
targets -set -nocase -filter {name =~ "microblaze*#0" && bscan=="USER2"  && jtag_cable_name =~ "Digilent Nexys4 210274675348A"} -index 0
rst -processor
targets -set -nocase -filter {name =~ "microblaze*#0" && bscan=="USER2"  && jtag_cable_name =~ "Digilent Nexys4 210274675348A"} -index 0
dow /home/fabio/Desktop/linreg/linreg.sdk/microblaze/Debug/microblaze.elf
----------------End of Script----------------

22:27:36 INFO  : Memory regions updated for context MicroBlaze #0
22:27:36 INFO  : Memory regions updated for context MicroBlaze Debug Module at USER2
22:27:36 INFO  : Context for processor 'microblaze_0' is selected.
22:27:36 INFO  : 'con' command is executed.
22:27:36 INFO  : ----------------XSDB Script (After Launch)----------------
targets -set -nocase -filter {name =~ "microblaze*#0" && bscan=="USER2"  && jtag_cable_name =~ "Digilent Nexys4 210274675348A"} -index 0
con
----------------End of Script----------------

22:27:36 INFO  : Launch script is exported to file '/home/fabio/Desktop/linreg/linreg.sdk/.sdk/launch_scripts/xilinx_c-c++_application_(system_debugger)/system_debugger_using_debug_microblaze.elf_on_local.tcl'
22:27:52 INFO  : Disconnected from the channel tcfchan#1.
22:27:53 INFO  : 'targets -set -filter {jtag_cable_name =~ "Digilent Nexys4 210274675348A" && level==0} -index 0' command is executed.
22:27:53 INFO  : 'fpga -state' command is executed.
22:27:53 INFO  : Connected to target on host '127.0.0.1' and port '3121'.
22:27:54 INFO  : Jtag cable 'Digilent Nexys4 210274675348A' is selected.
22:27:54 INFO  : 'jtag frequency' command is executed.
22:27:54 INFO  : Context for processor 'microblaze_0' is selected.
22:27:54 INFO  : Processor reset is completed for 'microblaze_0'.
22:27:54 INFO  : Context for processor 'microblaze_0' is selected.
22:27:54 INFO  : The application '/home/fabio/Desktop/linreg/linreg.sdk/microblaze/Debug/microblaze.elf' is downloaded to processor 'microblaze_0'.
22:27:54 INFO  : ----------------XSDB Script----------------
connect -url tcp:127.0.0.1:3121
targets -set -nocase -filter {name =~ "microblaze*#0" && bscan=="USER2"  && jtag_cable_name =~ "Digilent Nexys4 210274675348A"} -index 0
rst -processor
targets -set -nocase -filter {name =~ "microblaze*#0" && bscan=="USER2"  && jtag_cable_name =~ "Digilent Nexys4 210274675348A"} -index 0
dow /home/fabio/Desktop/linreg/linreg.sdk/microblaze/Debug/microblaze.elf
----------------End of Script----------------

22:27:54 INFO  : Memory regions updated for context MicroBlaze #0
22:27:54 INFO  : Memory regions updated for context MicroBlaze Debug Module at USER2
22:27:54 INFO  : Context for processor 'microblaze_0' is selected.
22:27:54 INFO  : 'con' command is executed.
22:27:54 INFO  : ----------------XSDB Script (After Launch)----------------
targets -set -nocase -filter {name =~ "microblaze*#0" && bscan=="USER2"  && jtag_cable_name =~ "Digilent Nexys4 210274675348A"} -index 0
con
----------------End of Script----------------

22:27:54 INFO  : Launch script is exported to file '/home/fabio/Desktop/linreg/linreg.sdk/.sdk/launch_scripts/xilinx_c-c++_application_(system_debugger)/system_debugger_using_debug_microblaze.elf_on_local.tcl'
22:29:37 INFO  : Disconnected from the channel tcfchan#2.
22:29:38 INFO  : 'targets -set -filter {jtag_cable_name =~ "Digilent Nexys4 210274675348A" && level==0} -index 0' command is executed.
22:29:38 INFO  : 'fpga -state' command is executed.
22:29:38 INFO  : Connected to target on host '127.0.0.1' and port '3121'.
22:29:38 INFO  : Jtag cable 'Digilent Nexys4 210274675348A' is selected.
22:29:38 INFO  : 'jtag frequency' command is executed.
22:29:38 INFO  : Context for processor 'microblaze_0' is selected.
22:29:38 INFO  : Processor reset is completed for 'microblaze_0'.
22:29:38 INFO  : Context for processor 'microblaze_0' is selected.
22:29:38 INFO  : The application '/home/fabio/Desktop/linreg/linreg.sdk/microblaze/Debug/microblaze.elf' is downloaded to processor 'microblaze_0'.
22:29:38 INFO  : ----------------XSDB Script----------------
connect -url tcp:127.0.0.1:3121
targets -set -nocase -filter {name =~ "microblaze*#0" && bscan=="USER2"  && jtag_cable_name =~ "Digilent Nexys4 210274675348A"} -index 0
rst -processor
targets -set -nocase -filter {name =~ "microblaze*#0" && bscan=="USER2"  && jtag_cable_name =~ "Digilent Nexys4 210274675348A"} -index 0
dow /home/fabio/Desktop/linreg/linreg.sdk/microblaze/Debug/microblaze.elf
----------------End of Script----------------

22:29:38 INFO  : Memory regions updated for context MicroBlaze #0
22:29:38 INFO  : Memory regions updated for context MicroBlaze Debug Module at USER2
22:29:38 INFO  : Context for processor 'microblaze_0' is selected.
22:29:38 INFO  : 'con' command is executed.
22:29:38 INFO  : ----------------XSDB Script (After Launch)----------------
targets -set -nocase -filter {name =~ "microblaze*#0" && bscan=="USER2"  && jtag_cable_name =~ "Digilent Nexys4 210274675348A"} -index 0
con
----------------End of Script----------------

22:29:38 INFO  : Launch script is exported to file '/home/fabio/Desktop/linreg/linreg.sdk/.sdk/launch_scripts/xilinx_c-c++_application_(system_debugger)/system_debugger_using_debug_microblaze.elf_on_local.tcl'
22:29:54 INFO  : Disconnected from the channel tcfchan#3.
22:29:59 ERROR : no targets found with "jtag_cable_name =~ "Digilent Nexys4 210274675348A" && level==0". available targets:
  1  xc7a100t
     2  MicroBlaze Debug Module at USER2
        3* MicroBlaze #0 (Running)
22:30:03 INFO  : 'targets -set -filter {jtag_cable_name =~ "Digilent Nexys4 210274675348A" && level==0} -index 0' command is executed.
22:30:03 INFO  : 'fpga -state' command is executed.
22:30:03 INFO  : Connected to target on host '127.0.0.1' and port '3121'.
22:30:03 INFO  : Jtag cable 'Digilent Nexys4 210274675348A' is selected.
22:30:03 INFO  : 'jtag frequency' command is executed.
22:30:03 INFO  : Context for processor 'microblaze_0' is selected.
22:30:03 INFO  : Processor reset is completed for 'microblaze_0'.
22:30:03 INFO  : Context for processor 'microblaze_0' is selected.
22:30:03 INFO  : The application '/home/fabio/Desktop/linreg/linreg.sdk/microblaze/Debug/microblaze.elf' is downloaded to processor 'microblaze_0'.
22:30:03 INFO  : ----------------XSDB Script----------------
connect -url tcp:127.0.0.1:3121
targets -set -nocase -filter {name =~ "microblaze*#0" && bscan=="USER2"  && jtag_cable_name =~ "Digilent Nexys4 210274675348A"} -index 0
rst -processor
targets -set -nocase -filter {name =~ "microblaze*#0" && bscan=="USER2"  && jtag_cable_name =~ "Digilent Nexys4 210274675348A"} -index 0
dow /home/fabio/Desktop/linreg/linreg.sdk/microblaze/Debug/microblaze.elf
----------------End of Script----------------

22:30:03 INFO  : Memory regions updated for context MicroBlaze #0
22:30:03 INFO  : Memory regions updated for context MicroBlaze Debug Module at USER2
22:30:03 INFO  : Context for processor 'microblaze_0' is selected.
22:30:03 INFO  : 'con' command is executed.
22:30:03 INFO  : ----------------XSDB Script (After Launch)----------------
targets -set -nocase -filter {name =~ "microblaze*#0" && bscan=="USER2"  && jtag_cable_name =~ "Digilent Nexys4 210274675348A"} -index 0
con
----------------End of Script----------------

22:30:03 INFO  : Launch script is exported to file '/home/fabio/Desktop/linreg/linreg.sdk/.sdk/launch_scripts/xilinx_c-c++_application_(system_debugger)/system_debugger_using_debug_microblaze.elf_on_local.tcl'
22:30:38 INFO  : Disconnected from the channel tcfchan#4.
22:30:54 INFO  : 'targets -set -filter {jtag_cable_name =~ "Digilent Nexys4 210274675348A" && level==0} -index 0' command is executed.
22:30:54 INFO  : 'fpga -state' command is executed.
22:30:54 INFO  : Connected to target on host '127.0.0.1' and port '3121'.
22:30:54 INFO  : Jtag cable 'Digilent Nexys4 210274675348A' is selected.
22:30:54 INFO  : 'jtag frequency' command is executed.
22:30:54 INFO  : Context for processor 'microblaze_0' is selected.
22:30:54 INFO  : Processor reset is completed for 'microblaze_0'.
22:30:54 INFO  : Context for processor 'microblaze_0' is selected.
22:30:54 INFO  : The application '/home/fabio/Desktop/linreg/linreg.sdk/microblaze/Debug/microblaze.elf' is downloaded to processor 'microblaze_0'.
22:30:54 INFO  : ----------------XSDB Script----------------
connect -url tcp:127.0.0.1:3121
targets -set -nocase -filter {name =~ "microblaze*#0" && bscan=="USER2"  && jtag_cable_name =~ "Digilent Nexys4 210274675348A"} -index 0
rst -processor
targets -set -nocase -filter {name =~ "microblaze*#0" && bscan=="USER2"  && jtag_cable_name =~ "Digilent Nexys4 210274675348A"} -index 0
dow /home/fabio/Desktop/linreg/linreg.sdk/microblaze/Debug/microblaze.elf
----------------End of Script----------------

22:30:54 INFO  : Memory regions updated for context MicroBlaze #0
22:30:54 INFO  : Memory regions updated for context MicroBlaze Debug Module at USER2
22:30:54 INFO  : Context for processor 'microblaze_0' is selected.
22:30:54 INFO  : 'con' command is executed.
22:30:54 INFO  : ----------------XSDB Script (After Launch)----------------
targets -set -nocase -filter {name =~ "microblaze*#0" && bscan=="USER2"  && jtag_cable_name =~ "Digilent Nexys4 210274675348A"} -index 0
con
----------------End of Script----------------

22:30:54 INFO  : Launch script is exported to file '/home/fabio/Desktop/linreg/linreg.sdk/.sdk/launch_scripts/xilinx_c-c++_application_(system_debugger)/system_debugger_using_debug_microblaze.elf_on_local.tcl'
22:41:08 INFO  : Disconnected from the channel tcfchan#5.
22:41:09 INFO  : 'targets -set -filter {jtag_cable_name =~ "Digilent Nexys4 210274675348A" && level==0} -index 0' command is executed.
22:41:09 INFO  : 'fpga -state' command is executed.
22:41:09 INFO  : Connected to target on host '127.0.0.1' and port '3121'.
22:41:09 INFO  : Jtag cable 'Digilent Nexys4 210274675348A' is selected.
22:41:09 INFO  : 'jtag frequency' command is executed.
22:41:09 INFO  : Context for processor 'microblaze_0' is selected.
22:41:09 INFO  : Processor reset is completed for 'microblaze_0'.
22:41:09 INFO  : Context for processor 'microblaze_0' is selected.
22:41:09 INFO  : The application '/home/fabio/Desktop/linreg/linreg.sdk/microblaze/Debug/microblaze.elf' is downloaded to processor 'microblaze_0'.
22:41:09 INFO  : ----------------XSDB Script----------------
connect -url tcp:127.0.0.1:3121
targets -set -nocase -filter {name =~ "microblaze*#0" && bscan=="USER2"  && jtag_cable_name =~ "Digilent Nexys4 210274675348A"} -index 0
rst -processor
targets -set -nocase -filter {name =~ "microblaze*#0" && bscan=="USER2"  && jtag_cable_name =~ "Digilent Nexys4 210274675348A"} -index 0
dow /home/fabio/Desktop/linreg/linreg.sdk/microblaze/Debug/microblaze.elf
----------------End of Script----------------

22:41:09 INFO  : Memory regions updated for context MicroBlaze #0
22:41:09 INFO  : Memory regions updated for context MicroBlaze Debug Module at USER2
22:41:09 INFO  : Context for processor 'microblaze_0' is selected.
22:41:09 INFO  : 'con' command is executed.
22:41:09 INFO  : ----------------XSDB Script (After Launch)----------------
targets -set -nocase -filter {name =~ "microblaze*#0" && bscan=="USER2"  && jtag_cable_name =~ "Digilent Nexys4 210274675348A"} -index 0
con
----------------End of Script----------------

22:41:09 INFO  : Launch script is exported to file '/home/fabio/Desktop/linreg/linreg.sdk/.sdk/launch_scripts/xilinx_c-c++_application_(system_debugger)/system_debugger_using_debug_microblaze.elf_on_local.tcl'
22:54:11 INFO  : Disconnected from the channel tcfchan#6.
22:54:12 ERROR : Unexpected error while parsing XMD response ￿: com.google.gson.JsonSyntaxException: com.google.gson.stream.MalformedJsonException: invalid number or unquoted string near 
00:11:18 INFO  : Registering command handlers for SDK TCF services
00:11:19 INFO  : Launching XSCT server: xsct -n -interactive /home/fabio/Desktop/linreg/linreg.sdk/temp_xsdb_launch_script.tcl
00:11:21 INFO  : XSCT server has started successfully.
00:11:21 INFO  : Successfully done setting XSCT server connection channel  
00:11:21 INFO  : Successfully done setting SDK workspace  
00:11:21 INFO  : Processing command line option -hwspec /home/fabio/Desktop/linreg/linreg.sdk/design_1_wrapper.hdf.
00:11:21 INFO  : Checking for hwspec changes in the project design_1_wrapper_hw_platform_0.
00:11:23 INFO  : SDK has detected change in the last modified timestamps for source hardware specification file Source:1531091041000,  Project:1531085078000
00:11:23 INFO  : The hardware specification for project 'design_1_wrapper_hw_platform_0' is different from /home/fabio/Desktop/linreg/linreg.sdk/design_1_wrapper.hdf.
00:11:23 INFO  : Copied contents of /home/fabio/Desktop/linreg/linreg.sdk/design_1_wrapper.hdf into /design_1_wrapper_hw_platform_0/system.hdf.
00:11:23 INFO  : Synchronizing projects in the workspace with the hardware platform specification changes.
00:11:24 INFO  : 
00:11:25 INFO  : Updating hardware inferred compiler options for microblaze.
00:11:25 INFO  : Clearing existing target manager status.
00:11:25 WARN  : Given IPC port value is invalid. Using default port 2350
00:11:25 WARN  : Given XMD timeout value is invalid. Using default value of 50000
00:11:28 WARN  : Given XMD transaction timeout value is invalid. Using default value of 60000 milli seconds
00:19:26 INFO  : Connected to target on host '127.0.0.1' and port '3121'.
00:19:26 INFO  : 'targets -set -filter {jtag_cable_name =~ "Digilent Nexys4 210274675348A" && level==0} -index 0' command is executed.
00:19:28 INFO  : FPGA configured successfully with bitstream "/home/fabio/Desktop/linreg/linreg.sdk/design_1_wrapper_hw_platform_0/download.bit"
00:20:21 INFO  : 'targets -set -filter {jtag_cable_name =~ "Digilent Nexys4 210274675348A" && level==0} -index 0' command is executed.
00:20:21 INFO  : 'fpga -state' command is executed.
00:20:21 INFO  : Connected to target on host '127.0.0.1' and port '3121'.
00:20:21 INFO  : Jtag cable 'Digilent Nexys4 210274675348A' is selected.
00:20:21 INFO  : 'jtag frequency' command is executed.
00:20:21 INFO  : Context for processor 'microblaze_0' is selected.
00:20:21 INFO  : Processor reset is completed for 'microblaze_0'.
00:20:21 INFO  : Context for processor 'microblaze_0' is selected.
00:20:21 INFO  : The application '/home/fabio/Desktop/linreg/linreg.sdk/microblaze/Debug/microblaze.elf' is downloaded to processor 'microblaze_0'.
00:20:21 INFO  : ----------------XSDB Script----------------
connect -url tcp:127.0.0.1:3121
targets -set -nocase -filter {name =~ "microblaze*#0" && bscan=="USER2"  && jtag_cable_name =~ "Digilent Nexys4 210274675348A"} -index 0
rst -processor
targets -set -nocase -filter {name =~ "microblaze*#0" && bscan=="USER2"  && jtag_cable_name =~ "Digilent Nexys4 210274675348A"} -index 0
dow /home/fabio/Desktop/linreg/linreg.sdk/microblaze/Debug/microblaze.elf
----------------End of Script----------------

00:20:21 INFO  : Memory regions updated for context MicroBlaze #0
00:20:21 INFO  : Memory regions updated for context MicroBlaze Debug Module at USER2
00:20:21 INFO  : Context for processor 'microblaze_0' is selected.
00:20:21 INFO  : 'con' command is executed.
00:20:21 INFO  : ----------------XSDB Script (After Launch)----------------
targets -set -nocase -filter {name =~ "microblaze*#0" && bscan=="USER2"  && jtag_cable_name =~ "Digilent Nexys4 210274675348A"} -index 0
con
----------------End of Script----------------

00:20:21 INFO  : Launch script is exported to file '/home/fabio/Desktop/linreg/linreg.sdk/.sdk/launch_scripts/xilinx_c-c++_application_(system_debugger)/system_debugger_using_debug_microblaze.elf_on_local.tcl'
00:28:21 INFO  : Disconnected from the channel tcfchan#1.
00:28:22 INFO  : 'targets -set -filter {jtag_cable_name =~ "Digilent Nexys4 210274675348A" && level==0} -index 0' command is executed.
00:28:22 INFO  : 'fpga -state' command is executed.
00:28:22 INFO  : Connected to target on host '127.0.0.1' and port '3121'.
00:28:22 INFO  : Jtag cable 'Digilent Nexys4 210274675348A' is selected.
00:28:22 INFO  : 'jtag frequency' command is executed.
00:28:22 INFO  : Context for processor 'microblaze_0' is selected.
00:28:22 INFO  : Processor reset is completed for 'microblaze_0'.
00:28:22 INFO  : Context for processor 'microblaze_0' is selected.
00:28:22 INFO  : The application '/home/fabio/Desktop/linreg/linreg.sdk/microblaze/Debug/microblaze.elf' is downloaded to processor 'microblaze_0'.
00:28:22 INFO  : ----------------XSDB Script----------------
connect -url tcp:127.0.0.1:3121
targets -set -nocase -filter {name =~ "microblaze*#0" && bscan=="USER2"  && jtag_cable_name =~ "Digilent Nexys4 210274675348A"} -index 0
rst -processor
targets -set -nocase -filter {name =~ "microblaze*#0" && bscan=="USER2"  && jtag_cable_name =~ "Digilent Nexys4 210274675348A"} -index 0
dow /home/fabio/Desktop/linreg/linreg.sdk/microblaze/Debug/microblaze.elf
----------------End of Script----------------

00:28:22 INFO  : Memory regions updated for context MicroBlaze #0
00:28:22 INFO  : Memory regions updated for context MicroBlaze Debug Module at USER2
00:28:22 INFO  : Context for processor 'microblaze_0' is selected.
00:28:22 INFO  : 'con' command is executed.
00:28:22 INFO  : ----------------XSDB Script (After Launch)----------------
targets -set -nocase -filter {name =~ "microblaze*#0" && bscan=="USER2"  && jtag_cable_name =~ "Digilent Nexys4 210274675348A"} -index 0
con
----------------End of Script----------------

00:28:22 INFO  : Launch script is exported to file '/home/fabio/Desktop/linreg/linreg.sdk/.sdk/launch_scripts/xilinx_c-c++_application_(system_debugger)/system_debugger_using_debug_microblaze.elf_on_local.tcl'
00:31:14 INFO  : Disconnected from the channel tcfchan#2.
00:31:21 INFO  : 'targets -set -filter {jtag_cable_name =~ "Digilent Nexys4 210274675348A" && level==0} -index 0' command is executed.
00:31:21 INFO  : 'fpga -state' command is executed.
00:31:21 INFO  : Connected to target on host '127.0.0.1' and port '3121'.
00:31:21 INFO  : Jtag cable 'Digilent Nexys4 210274675348A' is selected.
00:31:21 INFO  : 'jtag frequency' command is executed.
00:31:21 INFO  : Context for processor 'microblaze_0' is selected.
00:31:21 INFO  : Processor reset is completed for 'microblaze_0'.
00:31:21 INFO  : Context for processor 'microblaze_0' is selected.
00:31:21 INFO  : The application '/home/fabio/Desktop/linreg/linreg.sdk/microblaze/Debug/microblaze.elf' is downloaded to processor 'microblaze_0'.
00:31:21 INFO  : ----------------XSDB Script----------------
connect -url tcp:127.0.0.1:3121
targets -set -nocase -filter {name =~ "microblaze*#0" && bscan=="USER2"  && jtag_cable_name =~ "Digilent Nexys4 210274675348A"} -index 0
rst -processor
targets -set -nocase -filter {name =~ "microblaze*#0" && bscan=="USER2"  && jtag_cable_name =~ "Digilent Nexys4 210274675348A"} -index 0
dow /home/fabio/Desktop/linreg/linreg.sdk/microblaze/Debug/microblaze.elf
----------------End of Script----------------

00:31:21 INFO  : Memory regions updated for context MicroBlaze #0
00:31:21 INFO  : Memory regions updated for context MicroBlaze Debug Module at USER2
00:31:21 INFO  : Context for processor 'microblaze_0' is selected.
00:31:21 INFO  : 'con' command is executed.
00:31:21 INFO  : ----------------XSDB Script (After Launch)----------------
targets -set -nocase -filter {name =~ "microblaze*#0" && bscan=="USER2"  && jtag_cable_name =~ "Digilent Nexys4 210274675348A"} -index 0
con
----------------End of Script----------------

00:31:21 INFO  : Launch script is exported to file '/home/fabio/Desktop/linreg/linreg.sdk/.sdk/launch_scripts/xilinx_c-c++_application_(system_debugger)/system_debugger_using_debug_microblaze.elf_on_local.tcl'
00:33:55 INFO  : Disconnected from the channel tcfchan#3.
00:33:59 ERROR : no targets found with "jtag_cable_name =~ "Digilent Nexys4 210274675348A" && level==0". available targets:
  1  xc7a100t
     2  MicroBlaze Debug Module at USER2
        3* MicroBlaze #0 (Running)
00:34:03 INFO  : 'targets -set -filter {jtag_cable_name =~ "Digilent Nexys4 210274675348A" && level==0} -index 0' command is executed.
00:34:03 INFO  : 'fpga -state' command is executed.
00:34:03 INFO  : Connected to target on host '127.0.0.1' and port '3121'.
00:34:04 INFO  : Jtag cable 'Digilent Nexys4 210274675348A' is selected.
00:34:04 INFO  : 'jtag frequency' command is executed.
00:34:04 INFO  : Context for processor 'microblaze_0' is selected.
00:34:04 INFO  : Processor reset is completed for 'microblaze_0'.
00:34:04 INFO  : Context for processor 'microblaze_0' is selected.
00:34:04 INFO  : The application '/home/fabio/Desktop/linreg/linreg.sdk/microblaze/Debug/microblaze.elf' is downloaded to processor 'microblaze_0'.
00:34:04 INFO  : ----------------XSDB Script----------------
connect -url tcp:127.0.0.1:3121
targets -set -nocase -filter {name =~ "microblaze*#0" && bscan=="USER2"  && jtag_cable_name =~ "Digilent Nexys4 210274675348A"} -index 0
rst -processor
targets -set -nocase -filter {name =~ "microblaze*#0" && bscan=="USER2"  && jtag_cable_name =~ "Digilent Nexys4 210274675348A"} -index 0
dow /home/fabio/Desktop/linreg/linreg.sdk/microblaze/Debug/microblaze.elf
----------------End of Script----------------

00:34:04 INFO  : Memory regions updated for context MicroBlaze #0
00:34:04 INFO  : Memory regions updated for context MicroBlaze Debug Module at USER2
00:34:04 INFO  : Context for processor 'microblaze_0' is selected.
00:34:04 INFO  : 'con' command is executed.
00:34:04 INFO  : ----------------XSDB Script (After Launch)----------------
targets -set -nocase -filter {name =~ "microblaze*#0" && bscan=="USER2"  && jtag_cable_name =~ "Digilent Nexys4 210274675348A"} -index 0
con
----------------End of Script----------------

00:34:04 INFO  : Launch script is exported to file '/home/fabio/Desktop/linreg/linreg.sdk/.sdk/launch_scripts/xilinx_c-c++_application_(system_debugger)/system_debugger_using_debug_microblaze.elf_on_local.tcl'
00:50:07 INFO  : Disconnected from the channel tcfchan#4.
00:50:07 ERROR : Unexpected error while parsing XMD response ￿: com.google.gson.JsonSyntaxException: com.google.gson.stream.MalformedJsonException: invalid number or unquoted string near 
15:30:26 INFO  : Registering command handlers for SDK TCF services
15:30:28 INFO  : Launching XSCT server: xsct -n -interactive /home/fabio/Desktop/linreg/linreg.sdk/temp_xsdb_launch_script.tcl
15:30:30 INFO  : XSCT server has started successfully.
15:30:30 INFO  : Successfully done setting XSCT server connection channel  
15:30:30 INFO  : Successfully done setting SDK workspace  
15:30:30 INFO  : Processing command line option -hwspec /home/fabio/Desktop/linreg/linreg.sdk/design_1_wrapper.hdf.
15:30:30 INFO  : Checking for hwspec changes in the project design_1_wrapper_hw_platform_0.
15:30:32 INFO  : SDK has detected change in the last modified timestamps for source hardware specification file Source:1531144026000,  Project:1531091041000
15:30:32 INFO  : The hardware specification for project 'design_1_wrapper_hw_platform_0' is different from /home/fabio/Desktop/linreg/linreg.sdk/design_1_wrapper.hdf.
15:30:32 INFO  : Copied contents of /home/fabio/Desktop/linreg/linreg.sdk/design_1_wrapper.hdf into /design_1_wrapper_hw_platform_0/system.hdf.
15:30:32 INFO  : Synchronizing projects in the workspace with the hardware platform specification changes.
15:30:33 INFO  : 
15:30:34 INFO  : Updating hardware inferred compiler options for microblaze.
15:30:34 INFO  : Clearing existing target manager status.
15:30:34 WARN  : Given IPC port value is invalid. Using default port 2350
15:30:34 WARN  : Given XMD timeout value is invalid. Using default value of 50000
15:30:37 WARN  : Given XMD transaction timeout value is invalid. Using default value of 60000 milli seconds
15:38:32 INFO  : Connected to target on host '127.0.0.1' and port '3121'.
15:38:32 INFO  : 'targets -set -filter {jtag_cable_name =~ "Digilent Nexys4 210274675348A" && level==0} -index 0' command is executed.
15:38:34 INFO  : FPGA configured successfully with bitstream "/home/fabio/Desktop/linreg/linreg.sdk/design_1_wrapper_hw_platform_0/download.bit"
15:42:30 INFO  : 'targets -set -filter {jtag_cable_name =~ "Digilent Nexys4 210274675348A" && level==0} -index 0' command is executed.
15:42:30 INFO  : 'fpga -state' command is executed.
15:42:30 INFO  : Connected to target on host '127.0.0.1' and port '3121'.
15:42:30 INFO  : Jtag cable 'Digilent Nexys4 210274675348A' is selected.
15:42:30 INFO  : 'jtag frequency' command is executed.
15:42:30 INFO  : Context for processor 'microblaze_0' is selected.
15:42:30 INFO  : Processor reset is completed for 'microblaze_0'.
15:42:30 INFO  : Context for processor 'microblaze_0' is selected.
15:42:30 INFO  : The application '/home/fabio/Desktop/linreg/linreg.sdk/microblaze/Debug/microblaze.elf' is downloaded to processor 'microblaze_0'.
15:42:30 INFO  : ----------------XSDB Script----------------
connect -url tcp:127.0.0.1:3121
targets -set -nocase -filter {name =~ "microblaze*#0" && bscan=="USER2"  && jtag_cable_name =~ "Digilent Nexys4 210274675348A"} -index 0
rst -processor
targets -set -nocase -filter {name =~ "microblaze*#0" && bscan=="USER2"  && jtag_cable_name =~ "Digilent Nexys4 210274675348A"} -index 0
dow /home/fabio/Desktop/linreg/linreg.sdk/microblaze/Debug/microblaze.elf
----------------End of Script----------------

15:42:30 INFO  : Memory regions updated for context MicroBlaze #0
15:42:30 INFO  : Memory regions updated for context MicroBlaze Debug Module at USER2
15:42:30 INFO  : Context for processor 'microblaze_0' is selected.
15:42:30 INFO  : 'con' command is executed.
15:42:30 INFO  : ----------------XSDB Script (After Launch)----------------
targets -set -nocase -filter {name =~ "microblaze*#0" && bscan=="USER2"  && jtag_cable_name =~ "Digilent Nexys4 210274675348A"} -index 0
con
----------------End of Script----------------

15:42:30 INFO  : Launch script is exported to file '/home/fabio/Desktop/linreg/linreg.sdk/.sdk/launch_scripts/xilinx_c-c++_application_(system_debugger)/system_debugger_using_debug_microblaze.elf_on_local.tcl'
16:05:32 INFO  : Disconnected from the channel tcfchan#1.
16:05:37 ERROR : no targets found with "jtag_cable_name =~ "Digilent Nexys4 210274675348A" && level==0". available targets:
  1  xc7a100t
     2  MicroBlaze Debug Module at USER2
        3* MicroBlaze #0 (Running)
16:05:43 INFO  : 'targets -set -filter {jtag_cable_name =~ "Digilent Nexys4 210274675348A" && level==0} -index 0' command is executed.
16:05:43 INFO  : 'fpga -state' command is executed.
16:05:43 INFO  : Connected to target on host '127.0.0.1' and port '3121'.
16:05:43 INFO  : Jtag cable 'Digilent Nexys4 210274675348A' is selected.
16:05:43 INFO  : 'jtag frequency' command is executed.
16:05:43 INFO  : Context for processor 'microblaze_0' is selected.
16:05:43 INFO  : Processor reset is completed for 'microblaze_0'.
16:05:43 INFO  : Context for processor 'microblaze_0' is selected.
16:05:43 INFO  : The application '/home/fabio/Desktop/linreg/linreg.sdk/microblaze/Debug/microblaze.elf' is downloaded to processor 'microblaze_0'.
16:05:43 INFO  : ----------------XSDB Script----------------
connect -url tcp:127.0.0.1:3121
targets -set -nocase -filter {name =~ "microblaze*#0" && bscan=="USER2"  && jtag_cable_name =~ "Digilent Nexys4 210274675348A"} -index 0
rst -processor
targets -set -nocase -filter {name =~ "microblaze*#0" && bscan=="USER2"  && jtag_cable_name =~ "Digilent Nexys4 210274675348A"} -index 0
dow /home/fabio/Desktop/linreg/linreg.sdk/microblaze/Debug/microblaze.elf
----------------End of Script----------------

16:05:43 INFO  : Memory regions updated for context MicroBlaze #0
16:05:43 INFO  : Memory regions updated for context MicroBlaze Debug Module at USER2
16:05:43 INFO  : Context for processor 'microblaze_0' is selected.
16:05:44 INFO  : 'con' command is executed.
16:05:44 INFO  : ----------------XSDB Script (After Launch)----------------
targets -set -nocase -filter {name =~ "microblaze*#0" && bscan=="USER2"  && jtag_cable_name =~ "Digilent Nexys4 210274675348A"} -index 0
con
----------------End of Script----------------

16:05:44 INFO  : Launch script is exported to file '/home/fabio/Desktop/linreg/linreg.sdk/.sdk/launch_scripts/xilinx_c-c++_application_(system_debugger)/system_debugger_using_debug_microblaze.elf_on_local.tcl'
16:09:26 INFO  : Disconnected from the channel tcfchan#2.
16:09:27 ERROR : Unexpected error while parsing XMD response ￿: com.google.gson.JsonSyntaxException: com.google.gson.stream.MalformedJsonException: invalid number or unquoted string near 
16:26:40 INFO  : Registering command handlers for SDK TCF services
16:26:41 INFO  : Launching XSCT server: xsct -n -interactive /home/fabio/Desktop/linreg/linreg.sdk/temp_xsdb_launch_script.tcl
16:26:43 INFO  : XSCT server has started successfully.
16:26:43 INFO  : Successfully done setting XSCT server connection channel  
16:26:43 INFO  : Successfully done setting SDK workspace  
16:26:43 INFO  : Processing command line option -hwspec /home/fabio/Desktop/linreg/linreg.sdk/design_1_wrapper.hdf.
16:26:43 INFO  : Checking for hwspec changes in the project design_1_wrapper_hw_platform_0.
16:26:45 INFO  : SDK has detected change in the last modified timestamps for source hardware specification file Source:1531149919000,  Project:1531144026000
16:26:45 INFO  : The hardware specification for project 'design_1_wrapper_hw_platform_0' is different from /home/fabio/Desktop/linreg/linreg.sdk/design_1_wrapper.hdf.
16:26:45 INFO  : Copied contents of /home/fabio/Desktop/linreg/linreg.sdk/design_1_wrapper.hdf into /design_1_wrapper_hw_platform_0/system.hdf.
16:26:45 INFO  : Synchronizing projects in the workspace with the hardware platform specification changes.
16:26:46 INFO  : 
16:26:47 INFO  : Updating hardware inferred compiler options for microblaze.
16:26:47 INFO  : Clearing existing target manager status.
16:26:47 WARN  : Given IPC port value is invalid. Using default port 2350
16:26:47 WARN  : Given XMD timeout value is invalid. Using default value of 50000
16:26:50 WARN  : Given XMD transaction timeout value is invalid. Using default value of 60000 milli seconds
16:27:15 INFO  : Connected to target on host '127.0.0.1' and port '3121'.
16:27:15 INFO  : 'targets -set -filter {jtag_cable_name =~ "Digilent Nexys4 210274675348A" && level==0} -index 0' command is executed.
16:27:18 INFO  : FPGA configured successfully with bitstream "/home/fabio/Desktop/linreg/linreg.sdk/design_1_wrapper_hw_platform_0/download.bit"
16:29:20 INFO  : 'targets -set -filter {jtag_cable_name =~ "Digilent Nexys4 210274675348A" && level==0} -index 0' command is executed.
16:29:20 INFO  : 'fpga -state' command is executed.
16:29:20 INFO  : Connected to target on host '127.0.0.1' and port '3121'.
16:29:20 INFO  : Jtag cable 'Digilent Nexys4 210274675348A' is selected.
16:29:20 INFO  : 'jtag frequency' command is executed.
16:29:21 INFO  : Context for processor 'microblaze_0' is selected.
16:29:21 INFO  : Processor reset is completed for 'microblaze_0'.
16:29:21 INFO  : Context for processor 'microblaze_0' is selected.
16:29:21 INFO  : The application '/home/fabio/Desktop/linreg/linreg.sdk/microblaze/Debug/microblaze.elf' is downloaded to processor 'microblaze_0'.
16:29:21 INFO  : ----------------XSDB Script----------------
connect -url tcp:127.0.0.1:3121
targets -set -nocase -filter {name =~ "microblaze*#0" && bscan=="USER2"  && jtag_cable_name =~ "Digilent Nexys4 210274675348A"} -index 0
rst -processor
targets -set -nocase -filter {name =~ "microblaze*#0" && bscan=="USER2"  && jtag_cable_name =~ "Digilent Nexys4 210274675348A"} -index 0
dow /home/fabio/Desktop/linreg/linreg.sdk/microblaze/Debug/microblaze.elf
----------------End of Script----------------

16:29:21 INFO  : Memory regions updated for context MicroBlaze #0
16:29:21 INFO  : Memory regions updated for context MicroBlaze Debug Module at USER2
16:29:21 INFO  : Context for processor 'microblaze_0' is selected.
16:29:21 INFO  : 'con' command is executed.
16:29:21 INFO  : ----------------XSDB Script (After Launch)----------------
targets -set -nocase -filter {name =~ "microblaze*#0" && bscan=="USER2"  && jtag_cable_name =~ "Digilent Nexys4 210274675348A"} -index 0
con
----------------End of Script----------------

16:29:21 INFO  : Launch script is exported to file '/home/fabio/Desktop/linreg/linreg.sdk/.sdk/launch_scripts/xilinx_c-c++_application_(system_debugger)/system_debugger_using_debug_microblaze.elf_on_local.tcl'
16:39:54 INFO  : Disconnected from the channel tcfchan#1.
16:40:03 INFO  : 'targets -set -filter {jtag_cable_name =~ "Digilent Nexys4 210274675348A" && level==0} -index 0' command is executed.
16:40:03 INFO  : 'fpga -state' command is executed.
16:40:03 INFO  : Connected to target on host '127.0.0.1' and port '3121'.
16:40:03 INFO  : Jtag cable 'Digilent Nexys4 210274675348A' is selected.
16:40:03 INFO  : 'jtag frequency' command is executed.
16:40:03 INFO  : Context for processor 'microblaze_0' is selected.
16:40:03 INFO  : Processor reset is completed for 'microblaze_0'.
16:40:03 INFO  : Context for processor 'microblaze_0' is selected.
16:40:03 INFO  : The application '/home/fabio/Desktop/linreg/linreg.sdk/microblaze/Debug/microblaze.elf' is downloaded to processor 'microblaze_0'.
16:40:03 INFO  : ----------------XSDB Script----------------
connect -url tcp:127.0.0.1:3121
targets -set -nocase -filter {name =~ "microblaze*#0" && bscan=="USER2"  && jtag_cable_name =~ "Digilent Nexys4 210274675348A"} -index 0
rst -processor
targets -set -nocase -filter {name =~ "microblaze*#0" && bscan=="USER2"  && jtag_cable_name =~ "Digilent Nexys4 210274675348A"} -index 0
dow /home/fabio/Desktop/linreg/linreg.sdk/microblaze/Debug/microblaze.elf
----------------End of Script----------------

16:40:03 INFO  : Memory regions updated for context MicroBlaze #0
16:40:03 INFO  : Memory regions updated for context MicroBlaze Debug Module at USER2
16:40:03 INFO  : Context for processor 'microblaze_0' is selected.
16:40:03 INFO  : 'con' command is executed.
16:40:03 INFO  : ----------------XSDB Script (After Launch)----------------
targets -set -nocase -filter {name =~ "microblaze*#0" && bscan=="USER2"  && jtag_cable_name =~ "Digilent Nexys4 210274675348A"} -index 0
con
----------------End of Script----------------

16:40:03 INFO  : Launch script is exported to file '/home/fabio/Desktop/linreg/linreg.sdk/.sdk/launch_scripts/xilinx_c-c++_application_(system_debugger)/system_debugger_using_debug_microblaze.elf_on_local.tcl'
16:58:57 INFO  : Disconnected from the channel tcfchan#2.
16:58:58 ERROR : Unexpected error while parsing XMD response ￿: com.google.gson.JsonSyntaxException: com.google.gson.stream.MalformedJsonException: invalid number or unquoted string near 
17:33:17 INFO  : Registering command handlers for SDK TCF services
17:33:19 INFO  : Launching XSCT server: xsct -n -interactive /home/fabio/Desktop/linreg/linreg.sdk/temp_xsdb_launch_script.tcl
17:33:21 INFO  : XSCT server has started successfully.
17:33:21 INFO  : Successfully done setting XSCT server connection channel  
17:33:21 INFO  : Successfully done setting SDK workspace  
17:33:21 INFO  : Processing command line option -hwspec /home/fabio/Desktop/linreg/linreg.sdk/design_1_wrapper.hdf.
17:33:21 INFO  : Checking for hwspec changes in the project design_1_wrapper_hw_platform_0.
17:33:22 INFO  : SDK has detected change in the last modified timestamps for source hardware specification file Source:1531152468000,  Project:1531149919000
17:33:22 INFO  : The hardware specification for project 'design_1_wrapper_hw_platform_0' is different from /home/fabio/Desktop/linreg/linreg.sdk/design_1_wrapper.hdf.
17:33:22 INFO  : Copied contents of /home/fabio/Desktop/linreg/linreg.sdk/design_1_wrapper.hdf into /design_1_wrapper_hw_platform_0/system.hdf.
17:33:22 INFO  : Synchronizing projects in the workspace with the hardware platform specification changes.
17:33:23 INFO  : 
17:33:24 INFO  : Updating hardware inferred compiler options for microblaze.
17:33:24 INFO  : Clearing existing target manager status.
17:33:24 WARN  : Given IPC port value is invalid. Using default port 2350
17:33:24 WARN  : Given XMD timeout value is invalid. Using default value of 50000
17:33:27 WARN  : Given XMD transaction timeout value is invalid. Using default value of 60000 milli seconds
17:34:15 INFO  : Connected to target on host '127.0.0.1' and port '3121'.
17:34:15 INFO  : 'targets -set -filter {jtag_cable_name =~ "Digilent Nexys4 210274675348A" && level==0} -index 0' command is executed.
17:34:17 INFO  : FPGA configured successfully with bitstream "/home/fabio/Desktop/linreg/linreg.sdk/design_1_wrapper_hw_platform_0/download.bit"
17:35:49 INFO  : 'targets -set -filter {jtag_cable_name =~ "Digilent Nexys4 210274675348A" && level==0} -index 0' command is executed.
17:35:49 INFO  : 'fpga -state' command is executed.
17:35:49 INFO  : Connected to target on host '127.0.0.1' and port '3121'.
17:35:49 INFO  : Jtag cable 'Digilent Nexys4 210274675348A' is selected.
17:35:49 INFO  : 'jtag frequency' command is executed.
17:35:49 INFO  : Context for processor 'microblaze_0' is selected.
17:35:49 INFO  : Processor reset is completed for 'microblaze_0'.
17:35:49 INFO  : Context for processor 'microblaze_0' is selected.
17:35:49 INFO  : The application '/home/fabio/Desktop/linreg/linreg.sdk/microblaze/Debug/microblaze.elf' is downloaded to processor 'microblaze_0'.
17:35:49 INFO  : ----------------XSDB Script----------------
connect -url tcp:127.0.0.1:3121
targets -set -nocase -filter {name =~ "microblaze*#0" && bscan=="USER2"  && jtag_cable_name =~ "Digilent Nexys4 210274675348A"} -index 0
rst -processor
targets -set -nocase -filter {name =~ "microblaze*#0" && bscan=="USER2"  && jtag_cable_name =~ "Digilent Nexys4 210274675348A"} -index 0
dow /home/fabio/Desktop/linreg/linreg.sdk/microblaze/Debug/microblaze.elf
----------------End of Script----------------

17:35:49 INFO  : Memory regions updated for context MicroBlaze #0
17:35:49 INFO  : Memory regions updated for context MicroBlaze Debug Module at USER2
17:35:49 INFO  : Context for processor 'microblaze_0' is selected.
17:35:49 INFO  : 'con' command is executed.
17:35:49 INFO  : ----------------XSDB Script (After Launch)----------------
targets -set -nocase -filter {name =~ "microblaze*#0" && bscan=="USER2"  && jtag_cable_name =~ "Digilent Nexys4 210274675348A"} -index 0
con
----------------End of Script----------------

17:35:49 INFO  : Launch script is exported to file '/home/fabio/Desktop/linreg/linreg.sdk/.sdk/launch_scripts/xilinx_c-c++_application_(system_debugger)/system_debugger_using_debug_microblaze.elf_on_local.tcl'
17:44:57 INFO  : Disconnected from the channel tcfchan#1.
17:44:58 ERROR : Unexpected error while parsing XMD response ￿: com.google.gson.JsonSyntaxException: com.google.gson.stream.MalformedJsonException: invalid number or unquoted string near 
17:55:23 INFO  : Registering command handlers for SDK TCF services
17:55:24 INFO  : Launching XSCT server: xsct -n -interactive /home/fabio/Desktop/linreg/linreg.sdk/temp_xsdb_launch_script.tcl
17:55:26 INFO  : XSCT server has started successfully.
17:55:26 INFO  : Successfully done setting XSCT server connection channel  
17:55:26 INFO  : Successfully done setting SDK workspace  
17:55:26 INFO  : Processing command line option -hwspec /home/fabio/Desktop/linreg/linreg.sdk/design_1_wrapper.hdf.
17:55:26 INFO  : Checking for hwspec changes in the project design_1_wrapper_hw_platform_0.
17:55:28 INFO  : SDK has detected change in the last modified timestamps for source hardware specification file Source:1531155193000,  Project:1531152468000
17:55:28 INFO  : The hardware specification for project 'design_1_wrapper_hw_platform_0' is different from /home/fabio/Desktop/linreg/linreg.sdk/design_1_wrapper.hdf.
17:55:28 INFO  : Copied contents of /home/fabio/Desktop/linreg/linreg.sdk/design_1_wrapper.hdf into /design_1_wrapper_hw_platform_0/system.hdf.
17:55:28 INFO  : Synchronizing projects in the workspace with the hardware platform specification changes.
17:55:30 INFO  : 
17:55:31 INFO  : Updating hardware inferred compiler options for microblaze.
17:55:31 INFO  : Clearing existing target manager status.
17:55:31 WARN  : Given IPC port value is invalid. Using default port 2350
17:55:31 WARN  : Given XMD timeout value is invalid. Using default value of 50000
17:55:34 WARN  : Given XMD transaction timeout value is invalid. Using default value of 60000 milli seconds
17:56:03 INFO  : Connected to target on host '127.0.0.1' and port '3121'.
17:56:03 INFO  : 'targets -set -filter {jtag_cable_name =~ "Digilent Nexys4 210274675348A" && level==0} -index 0' command is executed.
17:56:05 INFO  : FPGA configured successfully with bitstream "/home/fabio/Desktop/linreg/linreg.sdk/design_1_wrapper_hw_platform_0/download.bit"
17:56:27 INFO  : 'targets -set -filter {jtag_cable_name =~ "Digilent Nexys4 210274675348A" && level==0} -index 0' command is executed.
17:56:27 INFO  : 'fpga -state' command is executed.
17:56:27 INFO  : Connected to target on host '127.0.0.1' and port '3121'.
17:56:27 INFO  : Jtag cable 'Digilent Nexys4 210274675348A' is selected.
17:56:27 INFO  : 'jtag frequency' command is executed.
17:56:27 INFO  : Context for processor 'microblaze_0' is selected.
17:56:27 INFO  : Processor reset is completed for 'microblaze_0'.
17:56:27 INFO  : Context for processor 'microblaze_0' is selected.
17:56:27 INFO  : The application '/home/fabio/Desktop/linreg/linreg.sdk/microblaze/Debug/microblaze.elf' is downloaded to processor 'microblaze_0'.
17:56:27 INFO  : ----------------XSDB Script----------------
connect -url tcp:127.0.0.1:3121
targets -set -nocase -filter {name =~ "microblaze*#0" && bscan=="USER2"  && jtag_cable_name =~ "Digilent Nexys4 210274675348A"} -index 0
rst -processor
targets -set -nocase -filter {name =~ "microblaze*#0" && bscan=="USER2"  && jtag_cable_name =~ "Digilent Nexys4 210274675348A"} -index 0
dow /home/fabio/Desktop/linreg/linreg.sdk/microblaze/Debug/microblaze.elf
----------------End of Script----------------

17:56:27 INFO  : Memory regions updated for context MicroBlaze #0
17:56:27 INFO  : Memory regions updated for context MicroBlaze Debug Module at USER2
17:56:27 INFO  : Context for processor 'microblaze_0' is selected.
17:56:28 INFO  : 'con' command is executed.
17:56:28 INFO  : ----------------XSDB Script (After Launch)----------------
targets -set -nocase -filter {name =~ "microblaze*#0" && bscan=="USER2"  && jtag_cable_name =~ "Digilent Nexys4 210274675348A"} -index 0
con
----------------End of Script----------------

17:56:28 INFO  : Launch script is exported to file '/home/fabio/Desktop/linreg/linreg.sdk/.sdk/launch_scripts/xilinx_c-c++_application_(system_debugger)/system_debugger_using_debug_microblaze.elf_on_local.tcl'
18:33:01 INFO  : Disconnected from the channel tcfchan#1.
18:33:05 ERROR : no targets found with "jtag_cable_name =~ "Digilent Nexys4 210274675348A" && level==0". available targets:
  1  xc7a100t
     2  MicroBlaze Debug Module at USER2
        3* MicroBlaze #0 (Running)
18:33:11 INFO  : 'targets -set -filter {jtag_cable_name =~ "Digilent Nexys4 210274675348A" && level==0} -index 0' command is executed.
18:33:11 INFO  : 'fpga -state' command is executed.
18:33:11 INFO  : Connected to target on host '127.0.0.1' and port '3121'.
18:33:11 INFO  : Jtag cable 'Digilent Nexys4 210274675348A' is selected.
18:33:11 INFO  : 'jtag frequency' command is executed.
18:33:11 INFO  : Context for processor 'microblaze_0' is selected.
18:33:11 INFO  : Processor reset is completed for 'microblaze_0'.
18:33:11 INFO  : Context for processor 'microblaze_0' is selected.
18:33:11 INFO  : The application '/home/fabio/Desktop/linreg/linreg.sdk/microblaze/Debug/microblaze.elf' is downloaded to processor 'microblaze_0'.
18:33:11 INFO  : ----------------XSDB Script----------------
connect -url tcp:127.0.0.1:3121
targets -set -nocase -filter {name =~ "microblaze*#0" && bscan=="USER2"  && jtag_cable_name =~ "Digilent Nexys4 210274675348A"} -index 0
rst -processor
targets -set -nocase -filter {name =~ "microblaze*#0" && bscan=="USER2"  && jtag_cable_name =~ "Digilent Nexys4 210274675348A"} -index 0
dow /home/fabio/Desktop/linreg/linreg.sdk/microblaze/Debug/microblaze.elf
----------------End of Script----------------

18:33:11 INFO  : Memory regions updated for context MicroBlaze #0
18:33:11 INFO  : Memory regions updated for context MicroBlaze Debug Module at USER2
18:33:11 INFO  : Context for processor 'microblaze_0' is selected.
18:33:11 INFO  : 'con' command is executed.
18:33:11 INFO  : ----------------XSDB Script (After Launch)----------------
targets -set -nocase -filter {name =~ "microblaze*#0" && bscan=="USER2"  && jtag_cable_name =~ "Digilent Nexys4 210274675348A"} -index 0
con
----------------End of Script----------------

18:33:11 INFO  : Launch script is exported to file '/home/fabio/Desktop/linreg/linreg.sdk/.sdk/launch_scripts/xilinx_c-c++_application_(system_debugger)/system_debugger_using_debug_microblaze.elf_on_local.tcl'
18:36:00 INFO  : Disconnected from the channel tcfchan#2.
18:36:01 INFO  : 'targets -set -filter {jtag_cable_name =~ "Digilent Nexys4 210274675348A" && level==0} -index 0' command is executed.
18:36:01 INFO  : 'fpga -state' command is executed.
18:36:01 INFO  : Connected to target on host '127.0.0.1' and port '3121'.
18:36:01 INFO  : Jtag cable 'Digilent Nexys4 210274675348A' is selected.
18:36:01 INFO  : 'jtag frequency' command is executed.
18:36:01 INFO  : Context for processor 'microblaze_0' is selected.
18:36:01 INFO  : Processor reset is completed for 'microblaze_0'.
18:36:01 INFO  : Context for processor 'microblaze_0' is selected.
18:36:01 INFO  : The application '/home/fabio/Desktop/linreg/linreg.sdk/microblaze/Debug/microblaze.elf' is downloaded to processor 'microblaze_0'.
18:36:01 INFO  : ----------------XSDB Script----------------
connect -url tcp:127.0.0.1:3121
targets -set -nocase -filter {name =~ "microblaze*#0" && bscan=="USER2"  && jtag_cable_name =~ "Digilent Nexys4 210274675348A"} -index 0
rst -processor
targets -set -nocase -filter {name =~ "microblaze*#0" && bscan=="USER2"  && jtag_cable_name =~ "Digilent Nexys4 210274675348A"} -index 0
dow /home/fabio/Desktop/linreg/linreg.sdk/microblaze/Debug/microblaze.elf
----------------End of Script----------------

18:36:01 INFO  : Memory regions updated for context MicroBlaze #0
18:36:01 INFO  : Memory regions updated for context MicroBlaze Debug Module at USER2
18:36:01 INFO  : Context for processor 'microblaze_0' is selected.
18:36:01 INFO  : 'con' command is executed.
18:36:01 INFO  : ----------------XSDB Script (After Launch)----------------
targets -set -nocase -filter {name =~ "microblaze*#0" && bscan=="USER2"  && jtag_cable_name =~ "Digilent Nexys4 210274675348A"} -index 0
con
----------------End of Script----------------

18:36:01 INFO  : Launch script is exported to file '/home/fabio/Desktop/linreg/linreg.sdk/.sdk/launch_scripts/xilinx_c-c++_application_(system_debugger)/system_debugger_using_debug_microblaze.elf_on_local.tcl'
18:36:16 INFO  : Disconnected from the channel tcfchan#3.
18:36:26 INFO  : 'targets -set -filter {jtag_cable_name =~ "Digilent Nexys4 210274675348A" && level==0} -index 0' command is executed.
18:36:26 INFO  : 'fpga -state' command is executed.
18:36:26 INFO  : Connected to target on host '127.0.0.1' and port '3121'.
18:36:26 INFO  : Jtag cable 'Digilent Nexys4 210274675348A' is selected.
18:36:26 INFO  : 'jtag frequency' command is executed.
18:36:26 INFO  : Context for processor 'microblaze_0' is selected.
18:36:26 INFO  : Processor reset is completed for 'microblaze_0'.
18:36:26 INFO  : Context for processor 'microblaze_0' is selected.
18:36:26 INFO  : The application '/home/fabio/Desktop/linreg/linreg.sdk/microblaze/Debug/microblaze.elf' is downloaded to processor 'microblaze_0'.
18:36:26 INFO  : ----------------XSDB Script----------------
connect -url tcp:127.0.0.1:3121
targets -set -nocase -filter {name =~ "microblaze*#0" && bscan=="USER2"  && jtag_cable_name =~ "Digilent Nexys4 210274675348A"} -index 0
rst -processor
targets -set -nocase -filter {name =~ "microblaze*#0" && bscan=="USER2"  && jtag_cable_name =~ "Digilent Nexys4 210274675348A"} -index 0
dow /home/fabio/Desktop/linreg/linreg.sdk/microblaze/Debug/microblaze.elf
----------------End of Script----------------

18:36:26 INFO  : Memory regions updated for context MicroBlaze #0
18:36:26 INFO  : Memory regions updated for context MicroBlaze Debug Module at USER2
18:36:26 INFO  : Context for processor 'microblaze_0' is selected.
18:36:26 INFO  : 'con' command is executed.
18:36:26 INFO  : ----------------XSDB Script (After Launch)----------------
targets -set -nocase -filter {name =~ "microblaze*#0" && bscan=="USER2"  && jtag_cable_name =~ "Digilent Nexys4 210274675348A"} -index 0
con
----------------End of Script----------------

18:36:26 INFO  : Launch script is exported to file '/home/fabio/Desktop/linreg/linreg.sdk/.sdk/launch_scripts/xilinx_c-c++_application_(system_debugger)/system_debugger_using_debug_microblaze.elf_on_local.tcl'
18:36:35 INFO  : Disconnected from the channel tcfchan#4.
18:36:36 INFO  : 'targets -set -filter {jtag_cable_name =~ "Digilent Nexys4 210274675348A" && level==0} -index 0' command is executed.
18:36:36 INFO  : 'fpga -state' command is executed.
18:36:36 INFO  : Connected to target on host '127.0.0.1' and port '3121'.
18:36:36 INFO  : Jtag cable 'Digilent Nexys4 210274675348A' is selected.
18:36:36 INFO  : 'jtag frequency' command is executed.
18:36:36 INFO  : Context for processor 'microblaze_0' is selected.
18:36:36 INFO  : Processor reset is completed for 'microblaze_0'.
18:36:36 INFO  : Context for processor 'microblaze_0' is selected.
18:36:36 INFO  : The application '/home/fabio/Desktop/linreg/linreg.sdk/microblaze/Debug/microblaze.elf' is downloaded to processor 'microblaze_0'.
18:36:36 INFO  : ----------------XSDB Script----------------
connect -url tcp:127.0.0.1:3121
targets -set -nocase -filter {name =~ "microblaze*#0" && bscan=="USER2"  && jtag_cable_name =~ "Digilent Nexys4 210274675348A"} -index 0
rst -processor
targets -set -nocase -filter {name =~ "microblaze*#0" && bscan=="USER2"  && jtag_cable_name =~ "Digilent Nexys4 210274675348A"} -index 0
dow /home/fabio/Desktop/linreg/linreg.sdk/microblaze/Debug/microblaze.elf
----------------End of Script----------------

18:36:36 INFO  : Memory regions updated for context MicroBlaze #0
18:36:36 INFO  : Memory regions updated for context MicroBlaze Debug Module at USER2
18:36:36 INFO  : Context for processor 'microblaze_0' is selected.
18:36:36 INFO  : 'con' command is executed.
18:36:36 INFO  : ----------------XSDB Script (After Launch)----------------
targets -set -nocase -filter {name =~ "microblaze*#0" && bscan=="USER2"  && jtag_cable_name =~ "Digilent Nexys4 210274675348A"} -index 0
con
----------------End of Script----------------

18:36:36 INFO  : Launch script is exported to file '/home/fabio/Desktop/linreg/linreg.sdk/.sdk/launch_scripts/xilinx_c-c++_application_(system_debugger)/system_debugger_using_debug_microblaze.elf_on_local.tcl'
18:38:19 INFO  : Disconnected from the channel tcfchan#5.
18:38:19 ERROR : Unexpected error while parsing XMD response ￿: com.google.gson.JsonSyntaxException: com.google.gson.stream.MalformedJsonException: invalid number or unquoted string near 
18:48:54 INFO  : Registering command handlers for SDK TCF services
18:48:55 INFO  : Launching XSCT server: xsct -n -interactive /home/fabio/Desktop/linreg/linreg.sdk/temp_xsdb_launch_script.tcl
18:48:57 INFO  : XSCT server has started successfully.
18:48:58 INFO  : Successfully done setting XSCT server connection channel  
18:48:58 INFO  : Successfully done setting SDK workspace  
18:48:58 INFO  : Processing command line option -hwspec /home/fabio/Desktop/linreg/linreg.sdk/design_1_wrapper.hdf.
18:48:58 INFO  : Checking for hwspec changes in the project design_1_wrapper_hw_platform_0.
18:48:59 INFO  : SDK has detected change in the last modified timestamps for source hardware specification file Source:1531158462000,  Project:1531155193000
18:48:59 INFO  : The hardware specification for project 'design_1_wrapper_hw_platform_0' is different from /home/fabio/Desktop/linreg/linreg.sdk/design_1_wrapper.hdf.
18:48:59 INFO  : Copied contents of /home/fabio/Desktop/linreg/linreg.sdk/design_1_wrapper.hdf into /design_1_wrapper_hw_platform_0/system.hdf.
18:48:59 INFO  : Synchronizing projects in the workspace with the hardware platform specification changes.
18:49:00 INFO  : 
18:49:01 INFO  : Updating hardware inferred compiler options for microblaze.
18:49:01 INFO  : Clearing existing target manager status.
18:49:01 WARN  : Given IPC port value is invalid. Using default port 2350
18:49:01 WARN  : Given XMD timeout value is invalid. Using default value of 50000
18:49:04 WARN  : Given XMD transaction timeout value is invalid. Using default value of 60000 milli seconds
18:49:32 INFO  : Connected to target on host '127.0.0.1' and port '3121'.
18:49:33 INFO  : 'targets -set -filter {jtag_cable_name =~ "Digilent Nexys4 210274675348A" && level==0} -index 0' command is executed.
18:49:35 INFO  : FPGA configured successfully with bitstream "/home/fabio/Desktop/linreg/linreg.sdk/design_1_wrapper_hw_platform_0/download.bit"
18:50:55 INFO  : 'targets -set -filter {jtag_cable_name =~ "Digilent Nexys4 210274675348A" && level==0} -index 0' command is executed.
18:50:55 INFO  : 'fpga -state' command is executed.
18:50:55 INFO  : Connected to target on host '127.0.0.1' and port '3121'.
18:50:55 INFO  : Jtag cable 'Digilent Nexys4 210274675348A' is selected.
18:50:55 INFO  : 'jtag frequency' command is executed.
18:50:55 INFO  : Context for processor 'microblaze_0' is selected.
18:50:55 INFO  : Processor reset is completed for 'microblaze_0'.
18:50:55 INFO  : Context for processor 'microblaze_0' is selected.
18:50:55 INFO  : The application '/home/fabio/Desktop/linreg/linreg.sdk/microblaze/Debug/microblaze.elf' is downloaded to processor 'microblaze_0'.
18:50:55 INFO  : ----------------XSDB Script----------------
connect -url tcp:127.0.0.1:3121
targets -set -nocase -filter {name =~ "microblaze*#0" && bscan=="USER2"  && jtag_cable_name =~ "Digilent Nexys4 210274675348A"} -index 0
rst -processor
targets -set -nocase -filter {name =~ "microblaze*#0" && bscan=="USER2"  && jtag_cable_name =~ "Digilent Nexys4 210274675348A"} -index 0
dow /home/fabio/Desktop/linreg/linreg.sdk/microblaze/Debug/microblaze.elf
----------------End of Script----------------

18:50:55 INFO  : Memory regions updated for context MicroBlaze #0
18:50:55 INFO  : Memory regions updated for context MicroBlaze Debug Module at USER2
18:50:55 INFO  : Context for processor 'microblaze_0' is selected.
18:50:55 INFO  : 'con' command is executed.
18:50:55 INFO  : ----------------XSDB Script (After Launch)----------------
targets -set -nocase -filter {name =~ "microblaze*#0" && bscan=="USER2"  && jtag_cable_name =~ "Digilent Nexys4 210274675348A"} -index 0
con
----------------End of Script----------------

18:50:55 INFO  : Launch script is exported to file '/home/fabio/Desktop/linreg/linreg.sdk/.sdk/launch_scripts/xilinx_c-c++_application_(system_debugger)/system_debugger_using_debug_microblaze.elf_on_local.tcl'
19:27:33 INFO  : Disconnected from the channel tcfchan#1.
19:27:33 ERROR : Unexpected error while parsing XMD response ￿: com.google.gson.JsonSyntaxException: com.google.gson.stream.MalformedJsonException: invalid number or unquoted string near 
22:40:40 INFO  : Registering command handlers for SDK TCF services
22:40:42 INFO  : Launching XSCT server: xsct -n -interactive /home/fabio/Desktop/linreg/linreg.sdk/temp_xsdb_launch_script.tcl
22:40:44 INFO  : XSCT server has started successfully.
22:40:44 INFO  : Successfully done setting XSCT server connection channel  
22:40:44 INFO  : Successfully done setting SDK workspace  
22:40:44 INFO  : Processing command line option -hwspec /home/fabio/Desktop/linreg/linreg.sdk/design_1_wrapper.hdf.
22:40:44 INFO  : Checking for hwspec changes in the project design_1_wrapper_hw_platform_0.
22:40:45 INFO  : SDK has detected change in the last modified timestamps for source hardware specification file Source:1531172158000,  Project:1531158462000
22:40:45 INFO  : The hardware specification for project 'design_1_wrapper_hw_platform_0' is different from /home/fabio/Desktop/linreg/linreg.sdk/design_1_wrapper.hdf.
22:40:45 INFO  : Copied contents of /home/fabio/Desktop/linreg/linreg.sdk/design_1_wrapper.hdf into /design_1_wrapper_hw_platform_0/system.hdf.
22:40:45 INFO  : Synchronizing projects in the workspace with the hardware platform specification changes.
22:40:46 INFO  : 
22:40:47 INFO  : Updating hardware inferred compiler options for microblaze.
22:40:47 INFO  : Clearing existing target manager status.
22:40:47 WARN  : Given IPC port value is invalid. Using default port 2350
22:40:47 WARN  : Given XMD timeout value is invalid. Using default value of 50000
22:40:50 WARN  : Given XMD transaction timeout value is invalid. Using default value of 60000 milli seconds
22:40:50 INFO  : Workspace synchronized with the new hardware specification file. Cleaning dependent projects...
22:40:51 WARN  : Linker script will not be updated automatically. Users need to update it manually.
22:41:47 INFO  : Connected to target on host '127.0.0.1' and port '3121'.
22:41:48 INFO  : 'targets -set -filter {jtag_cable_name =~ "Digilent Nexys4 210274675348A" && level==0} -index 0' command is executed.
22:41:50 INFO  : FPGA configured successfully with bitstream "/home/fabio/Desktop/linreg/linreg.sdk/design_1_wrapper_hw_platform_0/download.bit"
22:44:03 INFO  : 'targets -set -filter {jtag_cable_name =~ "Digilent Nexys4 210274675348A" && level==0} -index 0' command is executed.
22:44:03 INFO  : 'fpga -state' command is executed.
22:44:03 INFO  : Connected to target on host '127.0.0.1' and port '3121'.
22:44:03 INFO  : Jtag cable 'Digilent Nexys4 210274675348A' is selected.
22:44:03 INFO  : 'jtag frequency' command is executed.
22:44:03 INFO  : Context for processor 'microblaze_0' is selected.
22:44:03 INFO  : Processor reset is completed for 'microblaze_0'.
22:44:03 INFO  : Context for processor 'microblaze_0' is selected.
22:44:03 INFO  : The application '/home/fabio/Desktop/linreg/linreg.sdk/microblaze/Debug/microblaze.elf' is downloaded to processor 'microblaze_0'.
22:44:03 INFO  : ----------------XSDB Script----------------
connect -url tcp:127.0.0.1:3121
targets -set -nocase -filter {name =~ "microblaze*#0" && bscan=="USER2"  && jtag_cable_name =~ "Digilent Nexys4 210274675348A"} -index 0
rst -processor
targets -set -nocase -filter {name =~ "microblaze*#0" && bscan=="USER2"  && jtag_cable_name =~ "Digilent Nexys4 210274675348A"} -index 0
dow /home/fabio/Desktop/linreg/linreg.sdk/microblaze/Debug/microblaze.elf
----------------End of Script----------------

22:44:03 INFO  : Memory regions updated for context MicroBlaze #0
22:44:03 INFO  : Memory regions updated for context MicroBlaze Debug Module at USER2
22:44:03 INFO  : Context for processor 'microblaze_0' is selected.
22:44:03 INFO  : 'con' command is executed.
22:44:03 INFO  : ----------------XSDB Script (After Launch)----------------
targets -set -nocase -filter {name =~ "microblaze*#0" && bscan=="USER2"  && jtag_cable_name =~ "Digilent Nexys4 210274675348A"} -index 0
con
----------------End of Script----------------

22:44:03 INFO  : Launch script is exported to file '/home/fabio/Desktop/linreg/linreg.sdk/.sdk/launch_scripts/xilinx_c-c++_application_(system_debugger)/system_debugger_using_debug_microblaze.elf_on_local.tcl'
22:44:42 INFO  : Disconnected from the channel tcfchan#1.
22:44:43 ERROR : Unexpected error while parsing XMD response ￿: com.google.gson.JsonSyntaxException: com.google.gson.stream.MalformedJsonException: invalid number or unquoted string near 
22:57:14 INFO  : Registering command handlers for SDK TCF services
22:57:15 INFO  : Launching XSCT server: xsct -n -interactive /home/fabio/Desktop/linreg/linreg.sdk/temp_xsdb_launch_script.tcl
22:57:17 INFO  : XSCT server has started successfully.
22:57:17 INFO  : Successfully done setting XSCT server connection channel  
22:57:17 INFO  : Successfully done setting SDK workspace  
22:57:17 INFO  : Processing command line option -hwspec /home/fabio/Desktop/linreg/linreg.sdk/design_1_wrapper.hdf.
22:57:17 INFO  : Checking for hwspec changes in the project design_1_wrapper_hw_platform_0.
22:57:19 INFO  : SDK has detected change in the last modified timestamps for source hardware specification file Source:1531173357000,  Project:1531172158000
22:57:19 INFO  : The hardware specification for project 'design_1_wrapper_hw_platform_0' is different from /home/fabio/Desktop/linreg/linreg.sdk/design_1_wrapper.hdf.
22:57:19 INFO  : Copied contents of /home/fabio/Desktop/linreg/linreg.sdk/design_1_wrapper.hdf into /design_1_wrapper_hw_platform_0/system.hdf.
22:57:19 INFO  : Synchronizing projects in the workspace with the hardware platform specification changes.
22:57:20 INFO  : 
22:57:21 INFO  : Updating hardware inferred compiler options for microblaze.
22:57:21 INFO  : Clearing existing target manager status.
22:57:21 WARN  : Given IPC port value is invalid. Using default port 2350
22:57:21 WARN  : Given XMD timeout value is invalid. Using default value of 50000
22:57:24 WARN  : Given XMD transaction timeout value is invalid. Using default value of 60000 milli seconds
22:57:24 INFO  : Workspace synchronized with the new hardware specification file. Cleaning dependent projects...
22:57:25 WARN  : Linker script will not be updated automatically. Users need to update it manually.
22:58:49 INFO  : Connected to target on host '127.0.0.1' and port '3121'.
22:58:50 INFO  : 'targets -set -filter {jtag_cable_name =~ "Digilent Nexys4 210274675348A" && level==0} -index 0' command is executed.
22:58:52 INFO  : FPGA configured successfully with bitstream "/home/fabio/Desktop/linreg/linreg.sdk/design_1_wrapper_hw_platform_0/download.bit"
22:59:44 INFO  : 'targets -set -filter {jtag_cable_name =~ "Digilent Nexys4 210274675348A" && level==0} -index 0' command is executed.
22:59:44 INFO  : 'fpga -state' command is executed.
22:59:44 INFO  : Connected to target on host '127.0.0.1' and port '3121'.
22:59:45 INFO  : Jtag cable 'Digilent Nexys4 210274675348A' is selected.
22:59:45 INFO  : 'jtag frequency' command is executed.
22:59:45 INFO  : Context for processor 'microblaze_0' is selected.
22:59:45 INFO  : Processor reset is completed for 'microblaze_0'.
22:59:45 INFO  : Context for processor 'microblaze_0' is selected.
22:59:45 INFO  : The application '/home/fabio/Desktop/linreg/linreg.sdk/microblaze/Debug/microblaze.elf' is downloaded to processor 'microblaze_0'.
22:59:45 INFO  : ----------------XSDB Script----------------
connect -url tcp:127.0.0.1:3121
targets -set -nocase -filter {name =~ "microblaze*#0" && bscan=="USER2"  && jtag_cable_name =~ "Digilent Nexys4 210274675348A"} -index 0
rst -processor
targets -set -nocase -filter {name =~ "microblaze*#0" && bscan=="USER2"  && jtag_cable_name =~ "Digilent Nexys4 210274675348A"} -index 0
dow /home/fabio/Desktop/linreg/linreg.sdk/microblaze/Debug/microblaze.elf
----------------End of Script----------------

22:59:45 INFO  : Memory regions updated for context MicroBlaze #0
22:59:45 INFO  : Memory regions updated for context MicroBlaze Debug Module at USER2
22:59:45 INFO  : Context for processor 'microblaze_0' is selected.
22:59:45 INFO  : 'con' command is executed.
22:59:45 INFO  : ----------------XSDB Script (After Launch)----------------
targets -set -nocase -filter {name =~ "microblaze*#0" && bscan=="USER2"  && jtag_cable_name =~ "Digilent Nexys4 210274675348A"} -index 0
con
----------------End of Script----------------

22:59:45 INFO  : Launch script is exported to file '/home/fabio/Desktop/linreg/linreg.sdk/.sdk/launch_scripts/xilinx_c-c++_application_(system_debugger)/system_debugger_using_debug_microblaze.elf_on_local.tcl'
23:16:18 INFO  : Connected to target on host '127.0.0.1' and port '3121'.
23:16:18 INFO  : 'targets -set -filter {jtag_cable_name =~ "Digilent Nexys4 210274675348A" && level==0} -index 0' command is executed.
23:16:21 INFO  : FPGA configured successfully with bitstream "/home/fabio/Desktop/linreg/linreg.sdk/design_1_wrapper_hw_platform_0/download.bit"
23:16:46 INFO  : Disconnected from the channel tcfchan#1.
23:16:50 ERROR : no targets found with "jtag_cable_name =~ "Digilent Nexys4 210274675348A" && level==0". available targets:
  1* xc7a100t
     2  MicroBlaze Debug Module at USER2
        3  MicroBlaze #0 (Running)
23:16:56 INFO  : 'targets -set -filter {jtag_cable_name =~ "Digilent Nexys4 210274675348A" && level==0} -index 0' command is executed.
23:16:56 INFO  : 'fpga -state' command is executed.
23:16:56 INFO  : Connected to target on host '127.0.0.1' and port '3121'.
23:16:56 INFO  : Jtag cable 'Digilent Nexys4 210274675348A' is selected.
23:16:56 INFO  : 'jtag frequency' command is executed.
23:16:57 INFO  : Context for processor 'microblaze_0' is selected.
23:16:57 INFO  : Processor reset is completed for 'microblaze_0'.
23:16:57 INFO  : Context for processor 'microblaze_0' is selected.
23:16:57 INFO  : The application '/home/fabio/Desktop/linreg/linreg.sdk/microblaze/Debug/microblaze.elf' is downloaded to processor 'microblaze_0'.
23:16:57 INFO  : ----------------XSDB Script----------------
connect -url tcp:127.0.0.1:3121
targets -set -nocase -filter {name =~ "microblaze*#0" && bscan=="USER2"  && jtag_cable_name =~ "Digilent Nexys4 210274675348A"} -index 0
rst -processor
targets -set -nocase -filter {name =~ "microblaze*#0" && bscan=="USER2"  && jtag_cable_name =~ "Digilent Nexys4 210274675348A"} -index 0
dow /home/fabio/Desktop/linreg/linreg.sdk/microblaze/Debug/microblaze.elf
----------------End of Script----------------

23:16:57 INFO  : Memory regions updated for context MicroBlaze #0
23:16:57 INFO  : Memory regions updated for context MicroBlaze Debug Module at USER2
23:16:57 INFO  : Context for processor 'microblaze_0' is selected.
23:16:57 INFO  : 'con' command is executed.
23:16:57 INFO  : ----------------XSDB Script (After Launch)----------------
targets -set -nocase -filter {name =~ "microblaze*#0" && bscan=="USER2"  && jtag_cable_name =~ "Digilent Nexys4 210274675348A"} -index 0
con
----------------End of Script----------------

23:16:57 INFO  : Launch script is exported to file '/home/fabio/Desktop/linreg/linreg.sdk/.sdk/launch_scripts/xilinx_c-c++_application_(system_debugger)/system_debugger_using_debug_microblaze.elf_on_local.tcl'
00:10:33 INFO  : Disconnected from the channel tcfchan#2.
00:10:34 ERROR : Unexpected error while parsing XMD response ￿: com.google.gson.JsonSyntaxException: com.google.gson.stream.MalformedJsonException: invalid number or unquoted string near 
